<test-run id="2" duration="46.72546199999999" testcasecount="8" total="8" passed="3" failed="5" inconclusive="0" skipped="0" result="Failed" start-time="2021-05-13T 10:47:03Z" end-time="2021-05-13T 10:47:56Z">
  <test-suite type="Assembly" name="IFlow.Testing.dll" fullname="C:\Users\lezi\source\repos\IFLOW.testing\IFLOW.testing\bin\Debug\netcoreapp3.1\IFlow.Testing.dll" total="8" passed="3" failed="5" inconclusive="0" skipped="0" result="Failed" start-time="2021-05-13T 10:47:05Z" end-time="2021-05-13T 10:47:56Z" duration="46.725462">
    <test-suite type="TestSuite" name="IFlow" fullname="IFlow" total="8" passed="3" failed="5" inconclusive="0" skipped="0" result="Failed" start-time="2021-05-13T 10:47:05Z" end-time="2021-05-13T 10:47:56Z" duration="46.725462">
      <test-suite type="TestSuite" name="Testing" fullname="IFlow.Testing" total="8" passed="3" failed="5" inconclusive="0" skipped="0" result="Failed" start-time="2021-05-13T 10:47:05Z" end-time="2021-05-13T 10:47:56Z" duration="46.725462">
        <test-suite type="TestSuite" name="Feature" fullname="IFlow.Testing.Feature" total="8" passed="3" failed="5" inconclusive="0" skipped="0" result="Failed" start-time="2021-05-13T 10:47:05Z" end-time="2021-05-13T 10:47:56Z" duration="46.725462">
          <test-suite type="TestFixture" name="LoginTestsFeature" fullname="IFlow.Testing.Feature.LoginTestsFeature" total="3" passed="0" failed="3" inconclusive="0" skipped="0" result="Failed" start-time="2021-05-13T 10:47:05Z" end-time="2021-05-13T 10:47:25Z" duration="20.03892">
            <test-case name="LoginWithIncorrectData" fullname="IFlow.Testing.Feature.LoginTestsFeature.LoginWithIncorrectData" methodname="LoginWithIncorrectData" classname="LoginTestsFeature" result="Failed" start-time="2021-05-13T 10:47:05Z" end-time="2021-05-13T 10:47:13Z" duration="8.240985" asserts="0">
              <properties>
                <property name="Category" value="TEST_IB-201" />
              </properties>
              <output><![CDATA[2021-05-13 12:47:05.0993  INFO Starting test: LoginWithIncorrectData
2021-05-13 12:47:05.0993  INFO Starting test: LoginWithIncorrectData
2021-05-13 12:47:05.1230 TRACE > Set up AtataContext
2021-05-13 12:47:05.1230 TRACE > Set up AtataContext
2021-05-13 12:47:05.1716 TRACE - Use: "Atata.json" config
2021-05-13 12:47:05.1716 TRACE - Use: "Atata.json" config
2021-05-13 12:47:05.1729 TRACE - Set: ElementFindTimeout=5s; ElementFindRetryInterval=0.5s
2021-05-13 12:47:05.1729 TRACE - Set: ElementFindTimeout=5s; ElementFindRetryInterval=0.5s
2021-05-13 12:47:05.1732 TRACE - Set: WaitingTimeout=5s; WaitingRetryInterval=0.5s
2021-05-13 12:47:05.1732 TRACE - Set: WaitingTimeout=5s; WaitingRetryInterval=0.5s
2021-05-13 12:47:05.1735 TRACE - Set: VerificationTimeout=5s; VerificationRetryInterval=0.5s
2021-05-13 12:47:05.1735 TRACE - Set: VerificationTimeout=5s; VerificationRetryInterval=0.5s
2021-05-13 12:47:05.1738 TRACE - Set: Culture=en-US
2021-05-13 12:47:05.1738 TRACE - Set: Culture=en-US
2021-05-13 12:47:05.1831 TRACE - Set: DriverService=ChromeDriverService on port 55682
2021-05-13 12:47:05.1831 TRACE - Set: DriverService=ChromeDriverService on port 55682
2021-05-13 12:47:06.3258 TRACE - Set: Driver=ChromeDriver (alias=chrome-headless)
2021-05-13 12:47:06.3258 TRACE - Set: Driver=ChromeDriver (alias=chrome-headless)
2021-05-13 12:47:06.3289 TRACE < Set up AtataContext (1.205s)
2021-05-13 12:47:06.3289 TRACE < Set up AtataContext (1.205s)
When user input incorrect data on login page
2021-05-13 12:47:06.4802  INFO Go to "Login" page
2021-05-13 12:47:06.4802  INFO Go to "Login" page
2021-05-13 12:47:06.5555  INFO Go to URL "http://app-iflow-dev-001.azurewebsites.net/login"
2021-05-13 12:47:06.5555  INFO Go to URL "http://app-iflow-dev-001.azurewebsites.net/login"
2021-05-13 12:47:07.6351 TRACE > Execute trigger VerifyTitleAttribute { Values="React app", Case=Title, Match=Equals } on Init against "Login" page
2021-05-13 12:47:07.6351 TRACE > Execute trigger VerifyTitleAttribute { Values="React app", Case=Title, Match=Equals } on Init against "Login" page
2021-05-13 12:47:07.6530  INFO - > Assert: title should equal "React app"
2021-05-13 12:47:07.6530  INFO - > Assert: title should equal "React app"
2021-05-13 12:47:07.6707  INFO - < Assert: title should equal "React app" (0.017s)
2021-05-13 12:47:07.6707  INFO - < Assert: title should equal "React app" (0.017s)
2021-05-13 12:47:07.6713 TRACE < Execute trigger VerifyTitleAttribute { Values="React app", Case=Title, Match=Equals } on Init against "Login" page (0.036s)
2021-05-13 12:47:07.6713 TRACE < Execute trigger VerifyTitleAttribute { Values="React app", Case=Title, Match=Equals } on Init against "Login" page (0.036s)
2021-05-13 12:47:07.6850  INFO > Set "zaaxfuwgbdpybkt" to "Login Text Input" text input
2021-05-13 12:47:07.6850  INFO > Set "zaaxfuwgbdpybkt" to "Login Text Input" text input
2021-05-13 12:47:07.6873 TRACE - > Execute behavior ValueSetUsingClearAndSendKeysAttribute against "Login Text Input" text input
2021-05-13 12:47:07.6873 TRACE - > Execute behavior ValueSetUsingClearAndSendKeysAttribute against "Login Text Input" text input
2021-05-13 12:47:07.7074 TRACE - - > Find visible element by XPath "(//span[text()='Login * *']/..//../..//input[@type='text'])/descendant-or-self::input[@type='text' or not(@type)]" in ChromeDriver
2021-05-13 12:47:07.7074 TRACE - - > Find visible element by XPath "(//span[text()='Login * *']/..//../..//input[@type='text'])/descendant-or-self::input[@type='text' or not(@type)]" in ChromeDriver
2021-05-13 12:47:12.7341 TRACE - - < Find visible element by XPath "(//span[text()='Login * *']/..//../..//input[@type='text'])/descendant-or-self::input[@type='text' or not(@type)]" in ChromeDriver (5.026s) >>
OpenQA.Selenium.NoSuchElementException: Unable to locate visible element:
- By: XPath "(//span[text()='Login * *']/..//../..//input[@type='text'])/descendant-or-self::input[@type='text' or not(@type)]"
- Search time: 5.02s
- Search options: {Visibility=Visible, Timeout=5s, RetryInterval=0.5s, IsSafely=False}
2021-05-13 12:47:12.7341 TRACE - - < Find visible element by XPath "(//span[text()='Login * *']/..//../..//input[@type='text'])/descendant-or-self::input[@type='text' or not(@type)]" in ChromeDriver (5.026s) >>
OpenQA.Selenium.NoSuchElementException: Unable to locate visible element:
- By: XPath "(//span[text()='Login * *']/..//../..//input[@type='text'])/descendant-or-self::input[@type='text' or not(@type)]"
- Search time: 5.02s
- Search options: {Visibility=Visible, Timeout=5s, RetryInterval=0.5s, IsSafely=False}
2021-05-13 12:47:12.7360 TRACE - < Execute behavior ValueSetUsingClearAndSendKeysAttribute against "Login Text Input" text input (5.048s) >>
OpenQA.Selenium.NoSuchElementException: Unable to locate visible element:
- By: XPath "(//span[text()='Login * *']/..//../..//input[@type='text'])/descendant-or-self::input[@type='text' or not(@type)]"
- Search time: 5.02s
- Search options: {Visibility=Visible, Timeout=5s, RetryInterval=0.5s, IsSafely=False}
2021-05-13 12:47:12.7360 TRACE - < Execute behavior ValueSetUsingClearAndSendKeysAttribute against "Login Text Input" text input (5.048s) >>
OpenQA.Selenium.NoSuchElementException: Unable to locate visible element:
- By: XPath "(//span[text()='Login * *']/..//../..//input[@type='text'])/descendant-or-self::input[@type='text' or not(@type)]"
- Search time: 5.02s
- Search options: {Visibility=Visible, Timeout=5s, RetryInterval=0.5s, IsSafely=False}
2021-05-13 12:47:12.7373  INFO < Set "zaaxfuwgbdpybkt" to "Login Text Input" text input (5.052s) >>
OpenQA.Selenium.NoSuchElementException: Unable to locate visible element:
- By: XPath "(//span[text()='Login * *']/..//../..//input[@type='text'])/descendant-or-self::input[@type='text' or not(@type)]"
- Search time: 5.02s
- Search options: {Visibility=Visible, Timeout=5s, RetryInterval=0.5s, IsSafely=False}
2021-05-13 12:47:12.7373  INFO < Set "zaaxfuwgbdpybkt" to "Login Text Input" text input (5.052s) >>
OpenQA.Selenium.NoSuchElementException: Unable to locate visible element:
- By: XPath "(//span[text()='Login * *']/..//../..//input[@type='text'])/descendant-or-self::input[@type='text' or not(@type)]"
- Search time: 5.02s
- Search options: {Visibility=Visible, Timeout=5s, RetryInterval=0.5s, IsSafely=False}
-> error: Unable to locate visible element:
- By: XPath "(//span[text()='Login * *']/..//../..//input[@type='text'])/descendant-or-self::input[@type='text' or not(@type)]"
- Search time: 5.02s
- Search options: {Visibility=Visible, Timeout=5s, RetryInterval=0.5s, IsSafely=False} (6,4s)
Then user is not logged
-> skipped because of previous errors
And error messages are displayed
-> skipped because of previous errors
2021-05-13 12:47:13.1565 ERROR OpenQA.Selenium.NoSuchElementException : Unable to locate visible element:
- By: XPath "(//span[text()='Login * *']/..//../..//input[@type='text'])/descendant-or-self::input[@type='text' or not(@type)]"
- Search time: 5.02s
- Search options: {Visibility=Visible, Timeout=5s, RetryInterval=0.5s, IsSafely=False}
   at Atata.ExtendedSearchContext`1.Find(By by)
   at Atata.ExtendedSearchContext`1.FindElement(By by)
   at Atata.ISearchContextExtensions.Get[T](T searchContext, By by)
   at Atata.ISearchContextLoggingExtensions.<>c__DisplayClass0_0.<GetWithLogging>b__0()
   at Atata.LogManager.ExecuteSection[TResult](LogSection section, Func`1 function)
   at Atata.ISearchContextLoggingExtensions.GetWithLogging(ISearchContext searchContext, By by)
   at Atata.XPathComponentScopeFindResult.Get(String xPathCondition)
   at Atata.StrategyScopeLocator.<>c__DisplayClass3_0.<GetElement>b__0(XPathComponentScopeFindResult x)
   at System.Linq.Enumerable.SelectArrayIterator`2.MoveNext()
   at System.Linq.Enumerable.TryGetFirst[TSource](IEnumerable`1 source, Func`2 predicate, Boolean& found)
   at System.Linq.Enumerable.FirstOrDefault[TSource](IEnumerable`1 source, Func`2 predicate)
   at Atata.StrategyScopeLocator.GetElement(SearchOptions searchOptions, String xPathCondition)
   at Atata.UIComponent`1.OnGetScopeElement(SearchOptions searchOptions)
   at Atata.UIComponent.GetScopeElement(SearchOptions searchOptions)
   at Atata.UIComponent.get_Scope()
   at Atata.ValueSetUsingClearAndSendKeysAttribute.Execute[TOwner](IUIComponent`1 component, String value)
   at Atata.EditableTextField`2.<>c__DisplayClass1_0.<SetValue>b__0()
   at Atata.LogManager.ExecuteSection(LogSection section, Action action)
   at Atata.EditableTextField`2.SetValue(T value)
   at Atata.EditableField`2.<>c__DisplayClass12_0.<Set>b__0()
   at Atata.LogManager.ExecuteSection(LogSection section, Action action)
   at Atata.EditableField`2.Set(T value)
   at Atata.EditableField`2.SetRandom()
   at IFlow.Testing.StepDefinitions.RegistrationAndLoginSteps.WhenUserInputIncorrectDataOnLoginPage() in C:\Users\lezi\source\repos\IFLOW.testing\Iflow.Testing\StepDefinitions\RegistrationAndLoginSteps.cs:line 113
   at TechTalk.SpecFlow.Bindings.BindingInvoker.InvokeBinding(IBinding binding, IContextManager contextManager, Object[] arguments, ITestTracer testTracer, TimeSpan& duration)
   at TechTalk.SpecFlow.Infrastructure.TestExecutionEngine.ExecuteStepMatch(BindingMatch match, Object[] arguments, TimeSpan& duration)
   at TechTalk.SpecFlow.Infrastructure.TestExecutionEngine.ExecuteStep(IContextManager contextManager, StepInstance stepInstance)
   at TechTalk.SpecFlow.Infrastructure.TestExecutionEngine.OnAfterLastStep()
   at TechTalk.SpecFlow.TestRunner.CollectScenarioErrors()
   at IFlow.Testing.Feature.LoginTestsFeature.ScenarioCleanup()
   at IFlow.Testing.Feature.LoginTestsFeature.LoginWithIncorrectData() in C:\Users\lezi\source\repos\IFLOW.testing\Iflow.Testing\Feature\LoginTests.feature:line 25
2021-05-13 12:47:13.1565 ERROR OpenQA.Selenium.NoSuchElementException : Unable to locate visible element:
- By: XPath "(//span[text()='Login * *']/..//../..//input[@type='text'])/descendant-or-self::input[@type='text' or not(@type)]"
- Search time: 5.02s
- Search options: {Visibility=Visible, Timeout=5s, RetryInterval=0.5s, IsSafely=False}
   at Atata.ExtendedSearchContext`1.Find(By by)
   at Atata.ExtendedSearchContext`1.FindElement(By by)
   at Atata.ISearchContextExtensions.Get[T](T searchContext, By by)
   at Atata.ISearchContextLoggingExtensions.<>c__DisplayClass0_0.<GetWithLogging>b__0()
   at Atata.LogManager.ExecuteSection[TResult](LogSection section, Func`1 function)
   at Atata.ISearchContextLoggingExtensions.GetWithLogging(ISearchContext searchContext, By by)
   at Atata.XPathComponentScopeFindResult.Get(String xPathCondition)
   at Atata.StrategyScopeLocator.<>c__DisplayClass3_0.<GetElement>b__0(XPathComponentScopeFindResult x)
   at System.Linq.Enumerable.SelectArrayIterator`2.MoveNext()
   at System.Linq.Enumerable.TryGetFirst[TSource](IEnumerable`1 source, Func`2 predicate, Boolean& found)
   at System.Linq.Enumerable.FirstOrDefault[TSource](IEnumerable`1 source, Func`2 predicate)
   at Atata.StrategyScopeLocator.GetElement(SearchOptions searchOptions, String xPathCondition)
   at Atata.UIComponent`1.OnGetScopeElement(SearchOptions searchOptions)
   at Atata.UIComponent.GetScopeElement(SearchOptions searchOptions)
   at Atata.UIComponent.get_Scope()
   at Atata.ValueSetUsingClearAndSendKeysAttribute.Execute[TOwner](IUIComponent`1 component, String value)
   at Atata.EditableTextField`2.<>c__DisplayClass1_0.<SetValue>b__0()
   at Atata.LogManager.ExecuteSection(LogSection section, Action action)
   at Atata.EditableTextField`2.SetValue(T value)
   at Atata.EditableField`2.<>c__DisplayClass12_0.<Set>b__0()
   at Atata.LogManager.ExecuteSection(LogSection section, Action action)
   at Atata.EditableField`2.Set(T value)
   at Atata.EditableField`2.SetRandom()
   at IFlow.Testing.StepDefinitions.RegistrationAndLoginSteps.WhenUserInputIncorrectDataOnLoginPage() in C:\Users\lezi\source\repos\IFLOW.testing\Iflow.Testing\StepDefinitions\RegistrationAndLoginSteps.cs:line 113
   at TechTalk.SpecFlow.Bindings.BindingInvoker.InvokeBinding(IBinding binding, IContextManager contextManager, Object[] arguments, ITestTracer testTracer, TimeSpan& duration)
   at TechTalk.SpecFlow.Infrastructure.TestExecutionEngine.ExecuteStepMatch(BindingMatch match, Object[] arguments, TimeSpan& duration)
   at TechTalk.SpecFlow.Infrastructure.TestExecutionEngine.ExecuteStep(IContextManager contextManager, StepInstance stepInstance)
   at TechTalk.SpecFlow.Infrastructure.TestExecutionEngine.OnAfterLastStep()
   at TechTalk.SpecFlow.TestRunner.CollectScenarioErrors()
   at IFlow.Testing.Feature.LoginTestsFeature.ScenarioCleanup()
   at IFlow.Testing.Feature.LoginTestsFeature.LoginWithIncorrectData() in C:\Users\lezi\source\repos\IFLOW.testing\Iflow.Testing\Feature\LoginTests.feature:line 25
2021-05-13 12:47:13.1591 ERROR OpenQA.Selenium.NoSuchElementException : Unable to locate visible element:
- By: XPath "(//span[text()='Login * *']/..//../..//input[@type='text'])/descendant-or-self::input[@type='text' or not(@type)]"
- Search time: 5.02s
- Search options: {Visibility=Visible, Timeout=5s, RetryInterval=0.5s, IsSafely=False}
   at Atata.ExtendedSearchContext`1.Find(By by)
   at Atata.ExtendedSearchContext`1.FindElement(By by)
   at Atata.ISearchContextExtensions.Get[T](T searchContext, By by)
   at Atata.ISearchContextLoggingExtensions.<>c__DisplayClass0_0.<GetWithLogging>b__0()
   at Atata.LogManager.ExecuteSection[TResult](LogSection section, Func`1 function)
   at Atata.ISearchContextLoggingExtensions.GetWithLogging(ISearchContext searchContext, By by)
   at Atata.XPathComponentScopeFindResult.Get(String xPathCondition)
   at Atata.StrategyScopeLocator.<>c__DisplayClass3_0.<GetElement>b__0(XPathComponentScopeFindResult x)
   at System.Linq.Enumerable.SelectArrayIterator`2.MoveNext()
   at System.Linq.Enumerable.TryGetFirst[TSource](IEnumerable`1 source, Func`2 predicate, Boolean& found)
   at System.Linq.Enumerable.FirstOrDefault[TSource](IEnumerable`1 source, Func`2 predicate)
   at Atata.StrategyScopeLocator.GetElement(SearchOptions searchOptions, String xPathCondition)
   at Atata.UIComponent`1.OnGetScopeElement(SearchOptions searchOptions)
   at Atata.UIComponent.GetScopeElement(SearchOptions searchOptions)
   at Atata.UIComponent.get_Scope()
   at Atata.ValueSetUsingClearAndSendKeysAttribute.Execute[TOwner](IUIComponent`1 component, String value)
   at Atata.EditableTextField`2.<>c__DisplayClass1_0.<SetValue>b__0()
   at Atata.LogManager.ExecuteSection(LogSection section, Action action)
   at Atata.EditableTextField`2.SetValue(T value)
   at Atata.EditableField`2.<>c__DisplayClass12_0.<Set>b__0()
   at Atata.LogManager.ExecuteSection(LogSection section, Action action)
   at Atata.EditableField`2.Set(T value)
   at Atata.EditableField`2.SetRandom()
   at IFlow.Testing.StepDefinitions.RegistrationAndLoginSteps.WhenUserInputIncorrectDataOnLoginPage() in C:\Users\lezi\source\repos\IFLOW.testing\Iflow.Testing\StepDefinitions\RegistrationAndLoginSteps.cs:line 113
   at TechTalk.SpecFlow.Bindings.BindingInvoker.InvokeBinding(IBinding binding, IContextManager contextManager, Object[] arguments, ITestTracer testTracer, TimeSpan& duration)
   at TechTalk.SpecFlow.Infrastructure.TestExecutionEngine.ExecuteStepMatch(BindingMatch match, Object[] arguments, TimeSpan& duration)
   at TechTalk.SpecFlow.Infrastructure.TestExecutionEngine.ExecuteStep(IContextManager contextManager, StepInstance stepInstance)
   at TechTalk.SpecFlow.Infrastructure.TestExecutionEngine.OnAfterLastStep()
   at TechTalk.SpecFlow.TestRunner.CollectScenarioErrors()
   at IFlow.Testing.Feature.LoginTestsFeature.ScenarioCleanup()
   at IFlow.Testing.Feature.LoginTestsFeature.LoginWithIncorrectData() in C:\Users\lezi\source\repos\IFLOW.testing\Iflow.Testing\Feature\LoginTests.feature:line 25
2021-05-13 12:47:13.1591 ERROR OpenQA.Selenium.NoSuchElementException : Unable to locate visible element:
- By: XPath "(//span[text()='Login * *']/..//../..//input[@type='text'])/descendant-or-self::input[@type='text' or not(@type)]"
- Search time: 5.02s
- Search options: {Visibility=Visible, Timeout=5s, RetryInterval=0.5s, IsSafely=False}
   at Atata.ExtendedSearchContext`1.Find(By by)
   at Atata.ExtendedSearchContext`1.FindElement(By by)
   at Atata.ISearchContextExtensions.Get[T](T searchContext, By by)
   at Atata.ISearchContextLoggingExtensions.<>c__DisplayClass0_0.<GetWithLogging>b__0()
   at Atata.LogManager.ExecuteSection[TResult](LogSection section, Func`1 function)
   at Atata.ISearchContextLoggingExtensions.GetWithLogging(ISearchContext searchContext, By by)
   at Atata.XPathComponentScopeFindResult.Get(String xPathCondition)
   at Atata.StrategyScopeLocator.<>c__DisplayClass3_0.<GetElement>b__0(XPathComponentScopeFindResult x)
   at System.Linq.Enumerable.SelectArrayIterator`2.MoveNext()
   at System.Linq.Enumerable.TryGetFirst[TSource](IEnumerable`1 source, Func`2 predicate, Boolean& found)
   at System.Linq.Enumerable.FirstOrDefault[TSource](IEnumerable`1 source, Func`2 predicate)
   at Atata.StrategyScopeLocator.GetElement(SearchOptions searchOptions, String xPathCondition)
   at Atata.UIComponent`1.OnGetScopeElement(SearchOptions searchOptions)
   at Atata.UIComponent.GetScopeElement(SearchOptions searchOptions)
   at Atata.UIComponent.get_Scope()
   at Atata.ValueSetUsingClearAndSendKeysAttribute.Execute[TOwner](IUIComponent`1 component, String value)
   at Atata.EditableTextField`2.<>c__DisplayClass1_0.<SetValue>b__0()
   at Atata.LogManager.ExecuteSection(LogSection section, Action action)
   at Atata.EditableTextField`2.SetValue(T value)
   at Atata.EditableField`2.<>c__DisplayClass12_0.<Set>b__0()
   at Atata.LogManager.ExecuteSection(LogSection section, Action action)
   at Atata.EditableField`2.Set(T value)
   at Atata.EditableField`2.SetRandom()
   at IFlow.Testing.StepDefinitions.RegistrationAndLoginSteps.WhenUserInputIncorrectDataOnLoginPage() in C:\Users\lezi\source\repos\IFLOW.testing\Iflow.Testing\StepDefinitions\RegistrationAndLoginSteps.cs:line 113
   at TechTalk.SpecFlow.Bindings.BindingInvoker.InvokeBinding(IBinding binding, IContextManager contextManager, Object[] arguments, ITestTracer testTracer, TimeSpan& duration)
   at TechTalk.SpecFlow.Infrastructure.TestExecutionEngine.ExecuteStepMatch(BindingMatch match, Object[] arguments, TimeSpan& duration)
   at TechTalk.SpecFlow.Infrastructure.TestExecutionEngine.ExecuteStep(IContextManager contextManager, StepInstance stepInstance)
   at TechTalk.SpecFlow.Infrastructure.TestExecutionEngine.OnAfterLastStep()
   at TechTalk.SpecFlow.TestRunner.CollectScenarioErrors()
   at IFlow.Testing.Feature.LoginTestsFeature.ScenarioCleanup()
   at IFlow.Testing.Feature.LoginTestsFeature.LoginWithIncorrectData() in C:\Users\lezi\source\repos\IFLOW.testing\Iflow.Testing\Feature\LoginTests.feature:line 25
2021-05-13 12:47:13.1597  INFO > Clean up AtataContext
2021-05-13 12:47:13.1597  INFO > Clean up AtataContext
2021-05-13 12:47:13.2454  INFO < Clean up AtataContext (0.085s)
2021-05-13 12:47:13.2454  INFO < Clean up AtataContext (0.085s)
2021-05-13 12:47:13.2460  INFO Finished test (8.210s)
2021-05-13 12:47:13.2460  INFO Finished test (8.210s)
2021-05-13 12:47:13.2464  INFO Pure test execution time: 6.806s
2021-05-13 12:47:13.2464  INFO Pure test execution time: 6.806s

]]></output>
              <failure>
                <message>OpenQA.Selenium.NoSuchElementException : Unable to locate visible element:
- By: XPath "(//span[text()='Login * *']/..//../..//input[@type='text'])/descendant-or-self::input[@type='text' or not(@type)]"
- Search time: 5.02s
- Search options: {Visibility=Visible, Timeout=5s, RetryInterval=0.5s, IsSafely=False}</message>
                <stack-trace>   at Atata.ExtendedSearchContext`1.Find(By by)
   at Atata.ExtendedSearchContext`1.FindElement(By by)
   at Atata.ISearchContextExtensions.Get[T](T searchContext, By by)
   at Atata.ISearchContextLoggingExtensions.&lt;&gt;c__DisplayClass0_0.&lt;GetWithLogging&gt;b__0()
   at Atata.LogManager.ExecuteSection[TResult](LogSection section, Func`1 function)
   at Atata.ISearchContextLoggingExtensions.GetWithLogging(ISearchContext searchContext, By by)
   at Atata.XPathComponentScopeFindResult.Get(String xPathCondition)
   at Atata.StrategyScopeLocator.&lt;&gt;c__DisplayClass3_0.&lt;GetElement&gt;b__0(XPathComponentScopeFindResult x)
   at System.Linq.Enumerable.SelectArrayIterator`2.MoveNext()
   at System.Linq.Enumerable.TryGetFirst[TSource](IEnumerable`1 source, Func`2 predicate, Boolean&amp; found)
   at System.Linq.Enumerable.FirstOrDefault[TSource](IEnumerable`1 source, Func`2 predicate)
   at Atata.StrategyScopeLocator.GetElement(SearchOptions searchOptions, String xPathCondition)
   at Atata.UIComponent`1.OnGetScopeElement(SearchOptions searchOptions)
   at Atata.UIComponent.GetScopeElement(SearchOptions searchOptions)
   at Atata.UIComponent.get_Scope()
   at Atata.ValueSetUsingClearAndSendKeysAttribute.Execute[TOwner](IUIComponent`1 component, String value)
   at Atata.EditableTextField`2.&lt;&gt;c__DisplayClass1_0.&lt;SetValue&gt;b__0()
   at Atata.LogManager.ExecuteSection(LogSection section, Action action)
   at Atata.EditableTextField`2.SetValue(T value)
   at Atata.EditableField`2.&lt;&gt;c__DisplayClass12_0.&lt;Set&gt;b__0()
   at Atata.LogManager.ExecuteSection(LogSection section, Action action)
   at Atata.EditableField`2.Set(T value)
   at Atata.EditableField`2.SetRandom()
   at IFlow.Testing.StepDefinitions.RegistrationAndLoginSteps.WhenUserInputIncorrectDataOnLoginPage() in C:\Users\lezi\source\repos\IFLOW.testing\Iflow.Testing\StepDefinitions\RegistrationAndLoginSteps.cs:line 113
   at TechTalk.SpecFlow.Bindings.BindingInvoker.InvokeBinding(IBinding binding, IContextManager contextManager, Object[] arguments, ITestTracer testTracer, TimeSpan&amp; duration)
   at TechTalk.SpecFlow.Infrastructure.TestExecutionEngine.ExecuteStepMatch(BindingMatch match, Object[] arguments, TimeSpan&amp; duration)
   at TechTalk.SpecFlow.Infrastructure.TestExecutionEngine.ExecuteStep(IContextManager contextManager, StepInstance stepInstance)
   at TechTalk.SpecFlow.Infrastructure.TestExecutionEngine.OnAfterLastStep()
   at TechTalk.SpecFlow.TestRunner.CollectScenarioErrors()
   at IFlow.Testing.Feature.LoginTestsFeature.ScenarioCleanup()
   at IFlow.Testing.Feature.LoginTestsFeature.LoginWithIncorrectData() in C:\Users\lezi\source\repos\IFLOW.testing\Iflow.Testing\Feature\LoginTests.feature:line 25</stack-trace>
              </failure>
            </test-case>
            <test-case name="UserLoginByAPI" fullname="IFlow.Testing.Feature.LoginTestsFeature.UserLoginByAPI" methodname="UserLoginByAPI" classname="LoginTestsFeature" result="Failed" start-time="2021-05-13T 10:47:13Z" end-time="2021-05-13T 10:47:16Z" duration="3.122373" asserts="0">
              <output><![CDATA[2021-05-13 12:47:13.2552  INFO Starting test: UserLoginByAPI
2021-05-13 12:47:13.2552  INFO Starting test: UserLoginByAPI
2021-05-13 12:47:13.2555 TRACE > Set up AtataContext
2021-05-13 12:47:13.2555 TRACE > Set up AtataContext
2021-05-13 12:47:13.2564 TRACE - Use: "Atata.json" config
2021-05-13 12:47:13.2564 TRACE - Use: "Atata.json" config
2021-05-13 12:47:13.2568 TRACE - Set: ElementFindTimeout=5s; ElementFindRetryInterval=0.5s
2021-05-13 12:47:13.2568 TRACE - Set: ElementFindTimeout=5s; ElementFindRetryInterval=0.5s
2021-05-13 12:47:13.2570 TRACE - Set: WaitingTimeout=5s; WaitingRetryInterval=0.5s
2021-05-13 12:47:13.2570 TRACE - Set: WaitingTimeout=5s; WaitingRetryInterval=0.5s
2021-05-13 12:47:13.2573 TRACE - Set: VerificationTimeout=5s; VerificationRetryInterval=0.5s
2021-05-13 12:47:13.2573 TRACE - Set: VerificationTimeout=5s; VerificationRetryInterval=0.5s
2021-05-13 12:47:13.2575 TRACE - Set: Culture=en-US
2021-05-13 12:47:13.2575 TRACE - Set: Culture=en-US
2021-05-13 12:47:13.2583 TRACE - Set: DriverService=ChromeDriverService on port 55715
2021-05-13 12:47:13.2583 TRACE - Set: DriverService=ChromeDriverService on port 55715
2021-05-13 12:47:14.4758 TRACE - Set: Driver=ChromeDriver (alias=chrome-headless)
2021-05-13 12:47:14.4758 TRACE - Set: Driver=ChromeDriver (alias=chrome-headless)
2021-05-13 12:47:14.4783 TRACE < Set up AtataContext (1.222s)
2021-05-13 12:47:14.4783 TRACE < Set up AtataContext (1.222s)
When Registration by api
-> done: ApiSteps.WhenRegistrationByApi() (0,5s)
And Accept registration by email
-> done: ApiSteps.WhenAcceptRegistrationByEmail() (0,6s)
When User send correct data to log in
-> binding error: Error calling binding method 'IFlow.Testing:IFlow.Testing.StepDefinitions.ApiSteps.WhenUserSendCorrectDataToLogIn()': An item with the same key has already been added. Key: userName
And User input credentials on login page
-> skipped because of previous errors
Then User is logged to account
-> skipped because of previous errors
2021-05-13 12:47:16.2633 ERROR TechTalk.SpecFlow.BindingException : Error calling binding method 'IFlow.Testing:IFlow.Testing.StepDefinitions.ApiSteps.WhenUserSendCorrectDataToLogIn()': An item with the same key has already been added. Key: userName
   at TechTalk.SpecFlow.Bindings.BindingInvoker.InvokeBinding(IBinding binding, IContextManager contextManager, Object[] arguments, ITestTracer testTracer, TimeSpan& duration)
   at TechTalk.SpecFlow.Infrastructure.TestExecutionEngine.ExecuteStepMatch(BindingMatch match, Object[] arguments, TimeSpan& duration)
   at TechTalk.SpecFlow.Infrastructure.TestExecutionEngine.ExecuteStep(IContextManager contextManager, StepInstance stepInstance)
   at TechTalk.SpecFlow.Infrastructure.TestExecutionEngine.OnAfterLastStep()
   at TechTalk.SpecFlow.TestRunner.CollectScenarioErrors()
   at IFlow.Testing.Feature.LoginTestsFeature.ScenarioCleanup()
   at IFlow.Testing.Feature.LoginTestsFeature.UserLoginByAPI() in C:\Users\lezi\source\repos\IFLOW.testing\Iflow.Testing\Feature\LoginTests.feature:line 19
2021-05-13 12:47:16.2633 ERROR TechTalk.SpecFlow.BindingException : Error calling binding method 'IFlow.Testing:IFlow.Testing.StepDefinitions.ApiSteps.WhenUserSendCorrectDataToLogIn()': An item with the same key has already been added. Key: userName
   at TechTalk.SpecFlow.Bindings.BindingInvoker.InvokeBinding(IBinding binding, IContextManager contextManager, Object[] arguments, ITestTracer testTracer, TimeSpan& duration)
   at TechTalk.SpecFlow.Infrastructure.TestExecutionEngine.ExecuteStepMatch(BindingMatch match, Object[] arguments, TimeSpan& duration)
   at TechTalk.SpecFlow.Infrastructure.TestExecutionEngine.ExecuteStep(IContextManager contextManager, StepInstance stepInstance)
   at TechTalk.SpecFlow.Infrastructure.TestExecutionEngine.OnAfterLastStep()
   at TechTalk.SpecFlow.TestRunner.CollectScenarioErrors()
   at IFlow.Testing.Feature.LoginTestsFeature.ScenarioCleanup()
   at IFlow.Testing.Feature.LoginTestsFeature.UserLoginByAPI() in C:\Users\lezi\source\repos\IFLOW.testing\Iflow.Testing\Feature\LoginTests.feature:line 19
2021-05-13 12:47:16.2645 ERROR TechTalk.SpecFlow.BindingException : Error calling binding method 'IFlow.Testing:IFlow.Testing.StepDefinitions.ApiSteps.WhenUserSendCorrectDataToLogIn()': An item with the same key has already been added. Key: userName
   at TechTalk.SpecFlow.Bindings.BindingInvoker.InvokeBinding(IBinding binding, IContextManager contextManager, Object[] arguments, ITestTracer testTracer, TimeSpan& duration)
   at TechTalk.SpecFlow.Infrastructure.TestExecutionEngine.ExecuteStepMatch(BindingMatch match, Object[] arguments, TimeSpan& duration)
   at TechTalk.SpecFlow.Infrastructure.TestExecutionEngine.ExecuteStep(IContextManager contextManager, StepInstance stepInstance)
   at TechTalk.SpecFlow.Infrastructure.TestExecutionEngine.OnAfterLastStep()
   at TechTalk.SpecFlow.TestRunner.CollectScenarioErrors()
   at IFlow.Testing.Feature.LoginTestsFeature.ScenarioCleanup()
   at IFlow.Testing.Feature.LoginTestsFeature.UserLoginByAPI() in C:\Users\lezi\source\repos\IFLOW.testing\Iflow.Testing\Feature\LoginTests.feature:line 19
2021-05-13 12:47:16.2645 ERROR TechTalk.SpecFlow.BindingException : Error calling binding method 'IFlow.Testing:IFlow.Testing.StepDefinitions.ApiSteps.WhenUserSendCorrectDataToLogIn()': An item with the same key has already been added. Key: userName
   at TechTalk.SpecFlow.Bindings.BindingInvoker.InvokeBinding(IBinding binding, IContextManager contextManager, Object[] arguments, ITestTracer testTracer, TimeSpan& duration)
   at TechTalk.SpecFlow.Infrastructure.TestExecutionEngine.ExecuteStepMatch(BindingMatch match, Object[] arguments, TimeSpan& duration)
   at TechTalk.SpecFlow.Infrastructure.TestExecutionEngine.ExecuteStep(IContextManager contextManager, StepInstance stepInstance)
   at TechTalk.SpecFlow.Infrastructure.TestExecutionEngine.OnAfterLastStep()
   at TechTalk.SpecFlow.TestRunner.CollectScenarioErrors()
   at IFlow.Testing.Feature.LoginTestsFeature.ScenarioCleanup()
   at IFlow.Testing.Feature.LoginTestsFeature.UserLoginByAPI() in C:\Users\lezi\source\repos\IFLOW.testing\Iflow.Testing\Feature\LoginTests.feature:line 19
2021-05-13 12:47:16.2648  INFO > Clean up AtataContext
2021-05-13 12:47:16.2648  INFO > Clean up AtataContext
2021-05-13 12:47:16.3747  INFO < Clean up AtataContext (0.109s)
2021-05-13 12:47:16.3747  INFO < Clean up AtataContext (0.109s)
2021-05-13 12:47:16.3752  INFO Finished test (3.120s)
2021-05-13 12:47:16.3752  INFO Finished test (3.120s)
2021-05-13 12:47:16.3754  INFO Pure test execution time: 1.782s
2021-05-13 12:47:16.3754  INFO Pure test execution time: 1.782s

]]></output>
              <failure>
                <message>TechTalk.SpecFlow.BindingException : Error calling binding method 'IFlow.Testing:IFlow.Testing.StepDefinitions.ApiSteps.WhenUserSendCorrectDataToLogIn()': An item with the same key has already been added. Key: userName</message>
                <stack-trace>   at TechTalk.SpecFlow.Bindings.BindingInvoker.InvokeBinding(IBinding binding, IContextManager contextManager, Object[] arguments, ITestTracer testTracer, TimeSpan&amp; duration)
   at TechTalk.SpecFlow.Infrastructure.TestExecutionEngine.ExecuteStepMatch(BindingMatch match, Object[] arguments, TimeSpan&amp; duration)
   at TechTalk.SpecFlow.Infrastructure.TestExecutionEngine.ExecuteStep(IContextManager contextManager, StepInstance stepInstance)
   at TechTalk.SpecFlow.Infrastructure.TestExecutionEngine.OnAfterLastStep()
   at TechTalk.SpecFlow.TestRunner.CollectScenarioErrors()
   at IFlow.Testing.Feature.LoginTestsFeature.ScenarioCleanup()
   at IFlow.Testing.Feature.LoginTestsFeature.UserLoginByAPI() in C:\Users\lezi\source\repos\IFLOW.testing\Iflow.Testing\Feature\LoginTests.feature:line 19</stack-trace>
              </failure>
            </test-case>
            <test-case name="UserWantsToLogInWitchActiveAccount" fullname="IFlow.Testing.Feature.LoginTestsFeature.UserWantsToLogInWitchActiveAccount" methodname="UserWantsToLogInWitchActiveAccount" classname="LoginTestsFeature" result="Failed" start-time="2021-05-13T 10:47:16Z" end-time="2021-05-13T 10:47:25Z" duration="8.675562" asserts="0">
              <properties>
                <property name="Category" value="TEST_IB-129" />
              </properties>
              <output><![CDATA[2021-05-13 12:47:16.3777  INFO Starting test: UserWantsToLogInWitchActiveAccount
2021-05-13 12:47:16.3777  INFO Starting test: UserWantsToLogInWitchActiveAccount
2021-05-13 12:47:16.3779 TRACE > Set up AtataContext
2021-05-13 12:47:16.3779 TRACE > Set up AtataContext
2021-05-13 12:47:16.3785 TRACE - Use: "Atata.json" config
2021-05-13 12:47:16.3785 TRACE - Use: "Atata.json" config
2021-05-13 12:47:16.3788 TRACE - Set: ElementFindTimeout=5s; ElementFindRetryInterval=0.5s
2021-05-13 12:47:16.3788 TRACE - Set: ElementFindTimeout=5s; ElementFindRetryInterval=0.5s
2021-05-13 12:47:16.3790 TRACE - Set: WaitingTimeout=5s; WaitingRetryInterval=0.5s
2021-05-13 12:47:16.3790 TRACE - Set: WaitingTimeout=5s; WaitingRetryInterval=0.5s
2021-05-13 12:47:16.3792 TRACE - Set: VerificationTimeout=5s; VerificationRetryInterval=0.5s
2021-05-13 12:47:16.3792 TRACE - Set: VerificationTimeout=5s; VerificationRetryInterval=0.5s
2021-05-13 12:47:16.3794 TRACE - Set: Culture=en-US
2021-05-13 12:47:16.3794 TRACE - Set: Culture=en-US
2021-05-13 12:47:16.3811 TRACE - Set: DriverService=ChromeDriverService on port 55735
2021-05-13 12:47:16.3811 TRACE - Set: DriverService=ChromeDriverService on port 55735
2021-05-13 12:47:17.6781 TRACE - Set: Driver=ChromeDriver (alias=chrome-headless)
2021-05-13 12:47:17.6781 TRACE - Set: Driver=ChromeDriver (alias=chrome-headless)
2021-05-13 12:47:17.6791 TRACE < Set up AtataContext (1.301s)
2021-05-13 12:47:17.6791 TRACE < Set up AtataContext (1.301s)
Given Registration by api
-> done: ApiSteps.WhenRegistrationByApi() (0,3s)
When Accept registration by email
-> done: ApiSteps.WhenAcceptRegistrationByEmail() (0,1s)
And User input credentials on login page
2021-05-13 12:47:18.3027  INFO Go to "Login" page
2021-05-13 12:47:18.3027  INFO Go to "Login" page
2021-05-13 12:47:18.3060  INFO Go to URL "http://app-iflow-dev-001.azurewebsites.net/login"
2021-05-13 12:47:18.3060  INFO Go to URL "http://app-iflow-dev-001.azurewebsites.net/login"
2021-05-13 12:47:19.7549 TRACE > Execute trigger VerifyTitleAttribute { Values="React app", Case=Title, Match=Equals } on Init against "Login" page
2021-05-13 12:47:19.7549 TRACE > Execute trigger VerifyTitleAttribute { Values="React app", Case=Title, Match=Equals } on Init against "Login" page
2021-05-13 12:47:19.7562  INFO - > Assert: title should equal "React app"
2021-05-13 12:47:19.7562  INFO - > Assert: title should equal "React app"
2021-05-13 12:47:19.7645  INFO - < Assert: title should equal "React app" (0.008s)
2021-05-13 12:47:19.7645  INFO - < Assert: title should equal "React app" (0.008s)
2021-05-13 12:47:19.7650 TRACE < Execute trigger VerifyTitleAttribute { Values="React app", Case=Title, Match=Equals } on Init against "Login" page (0.010s)
2021-05-13 12:47:19.7650 TRACE < Execute trigger VerifyTitleAttribute { Values="React app", Case=Title, Match=Equals } on Init against "Login" page (0.010s)
2021-05-13 12:47:19.7655  INFO > Set "Lela.Fritsch" to "Login Text Input" text input
2021-05-13 12:47:19.7655  INFO > Set "Lela.Fritsch" to "Login Text Input" text input
2021-05-13 12:47:19.7658 TRACE - > Execute behavior ValueSetUsingClearAndSendKeysAttribute against "Login Text Input" text input
2021-05-13 12:47:19.7658 TRACE - > Execute behavior ValueSetUsingClearAndSendKeysAttribute against "Login Text Input" text input
2021-05-13 12:47:19.7670 TRACE - - > Find visible element by XPath "(//span[text()='Login * *']/..//../..//input[@type='text'])/descendant-or-self::input[@type='text' or not(@type)]" in ChromeDriver
2021-05-13 12:47:19.7670 TRACE - - > Find visible element by XPath "(//span[text()='Login * *']/..//../..//input[@type='text'])/descendant-or-self::input[@type='text' or not(@type)]" in ChromeDriver
2021-05-13 12:47:24.7751 TRACE - - < Find visible element by XPath "(//span[text()='Login * *']/..//../..//input[@type='text'])/descendant-or-self::input[@type='text' or not(@type)]" in ChromeDriver (5.008s) >>
OpenQA.Selenium.NoSuchElementException: Unable to locate visible element:
- By: XPath "(//span[text()='Login * *']/..//../..//input[@type='text'])/descendant-or-self::input[@type='text' or not(@type)]"
- Search time: 5.007s
- Search options: {Visibility=Visible, Timeout=5s, RetryInterval=0.5s, IsSafely=False}
2021-05-13 12:47:24.7751 TRACE - - < Find visible element by XPath "(//span[text()='Login * *']/..//../..//input[@type='text'])/descendant-or-self::input[@type='text' or not(@type)]" in ChromeDriver (5.008s) >>
OpenQA.Selenium.NoSuchElementException: Unable to locate visible element:
- By: XPath "(//span[text()='Login * *']/..//../..//input[@type='text'])/descendant-or-self::input[@type='text' or not(@type)]"
- Search time: 5.007s
- Search options: {Visibility=Visible, Timeout=5s, RetryInterval=0.5s, IsSafely=False}
2021-05-13 12:47:24.7762 TRACE - < Execute behavior ValueSetUsingClearAndSendKeysAttribute against "Login Text Input" text input (5.010s) >>
OpenQA.Selenium.NoSuchElementException: Unable to locate visible element:
- By: XPath "(//span[text()='Login * *']/..//../..//input[@type='text'])/descendant-or-self::input[@type='text' or not(@type)]"
- Search time: 5.007s
- Search options: {Visibility=Visible, Timeout=5s, RetryInterval=0.5s, IsSafely=False}
2021-05-13 12:47:24.7762 TRACE - < Execute behavior ValueSetUsingClearAndSendKeysAttribute against "Login Text Input" text input (5.010s) >>
OpenQA.Selenium.NoSuchElementException: Unable to locate visible element:
- By: XPath "(//span[text()='Login * *']/..//../..//input[@type='text'])/descendant-or-self::input[@type='text' or not(@type)]"
- Search time: 5.007s
- Search options: {Visibility=Visible, Timeout=5s, RetryInterval=0.5s, IsSafely=False}
2021-05-13 12:47:24.7778  INFO < Set "Lela.Fritsch" to "Login Text Input" text input (5.012s) >>
OpenQA.Selenium.NoSuchElementException: Unable to locate visible element:
- By: XPath "(//span[text()='Login * *']/..//../..//input[@type='text'])/descendant-or-self::input[@type='text' or not(@type)]"
- Search time: 5.007s
- Search options: {Visibility=Visible, Timeout=5s, RetryInterval=0.5s, IsSafely=False}
2021-05-13 12:47:24.7778  INFO < Set "Lela.Fritsch" to "Login Text Input" text input (5.012s) >>
OpenQA.Selenium.NoSuchElementException: Unable to locate visible element:
- By: XPath "(//span[text()='Login * *']/..//../..//input[@type='text'])/descendant-or-self::input[@type='text' or not(@type)]"
- Search time: 5.007s
- Search options: {Visibility=Visible, Timeout=5s, RetryInterval=0.5s, IsSafely=False}
-> error: Unable to locate visible element:
- By: XPath "(//span[text()='Login * *']/..//../..//input[@type='text'])/descendant-or-self::input[@type='text' or not(@type)]"
- Search time: 5.007s
- Search options: {Visibility=Visible, Timeout=5s, RetryInterval=0.5s, IsSafely=False} (6,5s)
Then User is logged to account
-> skipped because of previous errors
2021-05-13 12:47:24.9698 ERROR OpenQA.Selenium.NoSuchElementException : Unable to locate visible element:
- By: XPath "(//span[text()='Login * *']/..//../..//input[@type='text'])/descendant-or-self::input[@type='text' or not(@type)]"
- Search time: 5.007s
- Search options: {Visibility=Visible, Timeout=5s, RetryInterval=0.5s, IsSafely=False}
   at Atata.ExtendedSearchContext`1.Find(By by)
   at Atata.ExtendedSearchContext`1.FindElement(By by)
   at Atata.ISearchContextExtensions.Get[T](T searchContext, By by)
   at Atata.ISearchContextLoggingExtensions.<>c__DisplayClass0_0.<GetWithLogging>b__0()
   at Atata.LogManager.ExecuteSection[TResult](LogSection section, Func`1 function)
   at Atata.ISearchContextLoggingExtensions.GetWithLogging(ISearchContext searchContext, By by)
   at Atata.XPathComponentScopeFindResult.Get(String xPathCondition)
   at Atata.StrategyScopeLocator.<>c__DisplayClass3_0.<GetElement>b__0(XPathComponentScopeFindResult x)
   at System.Linq.Enumerable.SelectArrayIterator`2.MoveNext()
   at System.Linq.Enumerable.TryGetFirst[TSource](IEnumerable`1 source, Func`2 predicate, Boolean& found)
   at System.Linq.Enumerable.FirstOrDefault[TSource](IEnumerable`1 source, Func`2 predicate)
   at Atata.StrategyScopeLocator.GetElement(SearchOptions searchOptions, String xPathCondition)
   at Atata.UIComponent`1.OnGetScopeElement(SearchOptions searchOptions)
   at Atata.UIComponent.GetScopeElement(SearchOptions searchOptions)
   at Atata.UIComponent.get_Scope()
   at Atata.ValueSetUsingClearAndSendKeysAttribute.Execute[TOwner](IUIComponent`1 component, String value)
   at Atata.EditableTextField`2.<>c__DisplayClass1_0.<SetValue>b__0()
   at Atata.LogManager.ExecuteSection(LogSection section, Action action)
   at Atata.EditableTextField`2.SetValue(T value)
   at Atata.EditableField`2.<>c__DisplayClass12_0.<Set>b__0()
   at Atata.LogManager.ExecuteSection(LogSection section, Action action)
   at Atata.EditableField`2.Set(T value)
   at IFlow.Testing.StepDefinitions.RegistrationAndLoginSteps.WhenUserInputCredentialsOnLoginPage() in C:\Users\lezi\source\repos\IFLOW.testing\Iflow.Testing\StepDefinitions\RegistrationAndLoginSteps.cs:line 59
   at TechTalk.SpecFlow.Bindings.BindingInvoker.InvokeBinding(IBinding binding, IContextManager contextManager, Object[] arguments, ITestTracer testTracer, TimeSpan& duration)
   at TechTalk.SpecFlow.Infrastructure.TestExecutionEngine.ExecuteStepMatch(BindingMatch match, Object[] arguments, TimeSpan& duration)
   at TechTalk.SpecFlow.Infrastructure.TestExecutionEngine.ExecuteStep(IContextManager contextManager, StepInstance stepInstance)
   at TechTalk.SpecFlow.Infrastructure.TestExecutionEngine.OnAfterLastStep()
   at TechTalk.SpecFlow.TestRunner.CollectScenarioErrors()
   at IFlow.Testing.Feature.LoginTestsFeature.ScenarioCleanup()
   at IFlow.Testing.Feature.LoginTestsFeature.UserWantsToLogInWitchActiveAccount() in C:\Users\lezi\source\repos\IFLOW.testing\Iflow.Testing\Feature\LoginTests.feature:line 12
2021-05-13 12:47:24.9698 ERROR OpenQA.Selenium.NoSuchElementException : Unable to locate visible element:
- By: XPath "(//span[text()='Login * *']/..//../..//input[@type='text'])/descendant-or-self::input[@type='text' or not(@type)]"
- Search time: 5.007s
- Search options: {Visibility=Visible, Timeout=5s, RetryInterval=0.5s, IsSafely=False}
   at Atata.ExtendedSearchContext`1.Find(By by)
   at Atata.ExtendedSearchContext`1.FindElement(By by)
   at Atata.ISearchContextExtensions.Get[T](T searchContext, By by)
   at Atata.ISearchContextLoggingExtensions.<>c__DisplayClass0_0.<GetWithLogging>b__0()
   at Atata.LogManager.ExecuteSection[TResult](LogSection section, Func`1 function)
   at Atata.ISearchContextLoggingExtensions.GetWithLogging(ISearchContext searchContext, By by)
   at Atata.XPathComponentScopeFindResult.Get(String xPathCondition)
   at Atata.StrategyScopeLocator.<>c__DisplayClass3_0.<GetElement>b__0(XPathComponentScopeFindResult x)
   at System.Linq.Enumerable.SelectArrayIterator`2.MoveNext()
   at System.Linq.Enumerable.TryGetFirst[TSource](IEnumerable`1 source, Func`2 predicate, Boolean& found)
   at System.Linq.Enumerable.FirstOrDefault[TSource](IEnumerable`1 source, Func`2 predicate)
   at Atata.StrategyScopeLocator.GetElement(SearchOptions searchOptions, String xPathCondition)
   at Atata.UIComponent`1.OnGetScopeElement(SearchOptions searchOptions)
   at Atata.UIComponent.GetScopeElement(SearchOptions searchOptions)
   at Atata.UIComponent.get_Scope()
   at Atata.ValueSetUsingClearAndSendKeysAttribute.Execute[TOwner](IUIComponent`1 component, String value)
   at Atata.EditableTextField`2.<>c__DisplayClass1_0.<SetValue>b__0()
   at Atata.LogManager.ExecuteSection(LogSection section, Action action)
   at Atata.EditableTextField`2.SetValue(T value)
   at Atata.EditableField`2.<>c__DisplayClass12_0.<Set>b__0()
   at Atata.LogManager.ExecuteSection(LogSection section, Action action)
   at Atata.EditableField`2.Set(T value)
   at IFlow.Testing.StepDefinitions.RegistrationAndLoginSteps.WhenUserInputCredentialsOnLoginPage() in C:\Users\lezi\source\repos\IFLOW.testing\Iflow.Testing\StepDefinitions\RegistrationAndLoginSteps.cs:line 59
   at TechTalk.SpecFlow.Bindings.BindingInvoker.InvokeBinding(IBinding binding, IContextManager contextManager, Object[] arguments, ITestTracer testTracer, TimeSpan& duration)
   at TechTalk.SpecFlow.Infrastructure.TestExecutionEngine.ExecuteStepMatch(BindingMatch match, Object[] arguments, TimeSpan& duration)
   at TechTalk.SpecFlow.Infrastructure.TestExecutionEngine.ExecuteStep(IContextManager contextManager, StepInstance stepInstance)
   at TechTalk.SpecFlow.Infrastructure.TestExecutionEngine.OnAfterLastStep()
   at TechTalk.SpecFlow.TestRunner.CollectScenarioErrors()
   at IFlow.Testing.Feature.LoginTestsFeature.ScenarioCleanup()
   at IFlow.Testing.Feature.LoginTestsFeature.UserWantsToLogInWitchActiveAccount() in C:\Users\lezi\source\repos\IFLOW.testing\Iflow.Testing\Feature\LoginTests.feature:line 12
2021-05-13 12:47:24.9710 ERROR OpenQA.Selenium.NoSuchElementException : Unable to locate visible element:
- By: XPath "(//span[text()='Login * *']/..//../..//input[@type='text'])/descendant-or-self::input[@type='text' or not(@type)]"
- Search time: 5.007s
- Search options: {Visibility=Visible, Timeout=5s, RetryInterval=0.5s, IsSafely=False}
   at Atata.ExtendedSearchContext`1.Find(By by)
   at Atata.ExtendedSearchContext`1.FindElement(By by)
   at Atata.ISearchContextExtensions.Get[T](T searchContext, By by)
   at Atata.ISearchContextLoggingExtensions.<>c__DisplayClass0_0.<GetWithLogging>b__0()
   at Atata.LogManager.ExecuteSection[TResult](LogSection section, Func`1 function)
   at Atata.ISearchContextLoggingExtensions.GetWithLogging(ISearchContext searchContext, By by)
   at Atata.XPathComponentScopeFindResult.Get(String xPathCondition)
   at Atata.StrategyScopeLocator.<>c__DisplayClass3_0.<GetElement>b__0(XPathComponentScopeFindResult x)
   at System.Linq.Enumerable.SelectArrayIterator`2.MoveNext()
   at System.Linq.Enumerable.TryGetFirst[TSource](IEnumerable`1 source, Func`2 predicate, Boolean& found)
   at System.Linq.Enumerable.FirstOrDefault[TSource](IEnumerable`1 source, Func`2 predicate)
   at Atata.StrategyScopeLocator.GetElement(SearchOptions searchOptions, String xPathCondition)
   at Atata.UIComponent`1.OnGetScopeElement(SearchOptions searchOptions)
   at Atata.UIComponent.GetScopeElement(SearchOptions searchOptions)
   at Atata.UIComponent.get_Scope()
   at Atata.ValueSetUsingClearAndSendKeysAttribute.Execute[TOwner](IUIComponent`1 component, String value)
   at Atata.EditableTextField`2.<>c__DisplayClass1_0.<SetValue>b__0()
   at Atata.LogManager.ExecuteSection(LogSection section, Action action)
   at Atata.EditableTextField`2.SetValue(T value)
   at Atata.EditableField`2.<>c__DisplayClass12_0.<Set>b__0()
   at Atata.LogManager.ExecuteSection(LogSection section, Action action)
   at Atata.EditableField`2.Set(T value)
   at IFlow.Testing.StepDefinitions.RegistrationAndLoginSteps.WhenUserInputCredentialsOnLoginPage() in C:\Users\lezi\source\repos\IFLOW.testing\Iflow.Testing\StepDefinitions\RegistrationAndLoginSteps.cs:line 59
   at TechTalk.SpecFlow.Bindings.BindingInvoker.InvokeBinding(IBinding binding, IContextManager contextManager, Object[] arguments, ITestTracer testTracer, TimeSpan& duration)
   at TechTalk.SpecFlow.Infrastructure.TestExecutionEngine.ExecuteStepMatch(BindingMatch match, Object[] arguments, TimeSpan& duration)
   at TechTalk.SpecFlow.Infrastructure.TestExecutionEngine.ExecuteStep(IContextManager contextManager, StepInstance stepInstance)
   at TechTalk.SpecFlow.Infrastructure.TestExecutionEngine.OnAfterLastStep()
   at TechTalk.SpecFlow.TestRunner.CollectScenarioErrors()
   at IFlow.Testing.Feature.LoginTestsFeature.ScenarioCleanup()
   at IFlow.Testing.Feature.LoginTestsFeature.UserWantsToLogInWitchActiveAccount() in C:\Users\lezi\source\repos\IFLOW.testing\Iflow.Testing\Feature\LoginTests.feature:line 12
2021-05-13 12:47:24.9710 ERROR OpenQA.Selenium.NoSuchElementException : Unable to locate visible element:
- By: XPath "(//span[text()='Login * *']/..//../..//input[@type='text'])/descendant-or-self::input[@type='text' or not(@type)]"
- Search time: 5.007s
- Search options: {Visibility=Visible, Timeout=5s, RetryInterval=0.5s, IsSafely=False}
   at Atata.ExtendedSearchContext`1.Find(By by)
   at Atata.ExtendedSearchContext`1.FindElement(By by)
   at Atata.ISearchContextExtensions.Get[T](T searchContext, By by)
   at Atata.ISearchContextLoggingExtensions.<>c__DisplayClass0_0.<GetWithLogging>b__0()
   at Atata.LogManager.ExecuteSection[TResult](LogSection section, Func`1 function)
   at Atata.ISearchContextLoggingExtensions.GetWithLogging(ISearchContext searchContext, By by)
   at Atata.XPathComponentScopeFindResult.Get(String xPathCondition)
   at Atata.StrategyScopeLocator.<>c__DisplayClass3_0.<GetElement>b__0(XPathComponentScopeFindResult x)
   at System.Linq.Enumerable.SelectArrayIterator`2.MoveNext()
   at System.Linq.Enumerable.TryGetFirst[TSource](IEnumerable`1 source, Func`2 predicate, Boolean& found)
   at System.Linq.Enumerable.FirstOrDefault[TSource](IEnumerable`1 source, Func`2 predicate)
   at Atata.StrategyScopeLocator.GetElement(SearchOptions searchOptions, String xPathCondition)
   at Atata.UIComponent`1.OnGetScopeElement(SearchOptions searchOptions)
   at Atata.UIComponent.GetScopeElement(SearchOptions searchOptions)
   at Atata.UIComponent.get_Scope()
   at Atata.ValueSetUsingClearAndSendKeysAttribute.Execute[TOwner](IUIComponent`1 component, String value)
   at Atata.EditableTextField`2.<>c__DisplayClass1_0.<SetValue>b__0()
   at Atata.LogManager.ExecuteSection(LogSection section, Action action)
   at Atata.EditableTextField`2.SetValue(T value)
   at Atata.EditableField`2.<>c__DisplayClass12_0.<Set>b__0()
   at Atata.LogManager.ExecuteSection(LogSection section, Action action)
   at Atata.EditableField`2.Set(T value)
   at IFlow.Testing.StepDefinitions.RegistrationAndLoginSteps.WhenUserInputCredentialsOnLoginPage() in C:\Users\lezi\source\repos\IFLOW.testing\Iflow.Testing\StepDefinitions\RegistrationAndLoginSteps.cs:line 59
   at TechTalk.SpecFlow.Bindings.BindingInvoker.InvokeBinding(IBinding binding, IContextManager contextManager, Object[] arguments, ITestTracer testTracer, TimeSpan& duration)
   at TechTalk.SpecFlow.Infrastructure.TestExecutionEngine.ExecuteStepMatch(BindingMatch match, Object[] arguments, TimeSpan& duration)
   at TechTalk.SpecFlow.Infrastructure.TestExecutionEngine.ExecuteStep(IContextManager contextManager, StepInstance stepInstance)
   at TechTalk.SpecFlow.Infrastructure.TestExecutionEngine.OnAfterLastStep()
   at TechTalk.SpecFlow.TestRunner.CollectScenarioErrors()
   at IFlow.Testing.Feature.LoginTestsFeature.ScenarioCleanup()
   at IFlow.Testing.Feature.LoginTestsFeature.UserWantsToLogInWitchActiveAccount() in C:\Users\lezi\source\repos\IFLOW.testing\Iflow.Testing\Feature\LoginTests.feature:line 12
2021-05-13 12:47:24.9718  INFO > Clean up AtataContext
2021-05-13 12:47:24.9718  INFO > Clean up AtataContext
2021-05-13 12:47:25.0500  INFO < Clean up AtataContext (0.078s)
2021-05-13 12:47:25.0500  INFO < Clean up AtataContext (0.078s)
2021-05-13 12:47:25.0508  INFO Finished test (8.673s)
2021-05-13 12:47:25.0508  INFO Finished test (8.673s)
2021-05-13 12:47:25.0511  INFO Pure test execution time: 7.289s
2021-05-13 12:47:25.0511  INFO Pure test execution time: 7.289s

]]></output>
              <failure>
                <message>OpenQA.Selenium.NoSuchElementException : Unable to locate visible element:
- By: XPath "(//span[text()='Login * *']/..//../..//input[@type='text'])/descendant-or-self::input[@type='text' or not(@type)]"
- Search time: 5.007s
- Search options: {Visibility=Visible, Timeout=5s, RetryInterval=0.5s, IsSafely=False}</message>
                <stack-trace>   at Atata.ExtendedSearchContext`1.Find(By by)
   at Atata.ExtendedSearchContext`1.FindElement(By by)
   at Atata.ISearchContextExtensions.Get[T](T searchContext, By by)
   at Atata.ISearchContextLoggingExtensions.&lt;&gt;c__DisplayClass0_0.&lt;GetWithLogging&gt;b__0()
   at Atata.LogManager.ExecuteSection[TResult](LogSection section, Func`1 function)
   at Atata.ISearchContextLoggingExtensions.GetWithLogging(ISearchContext searchContext, By by)
   at Atata.XPathComponentScopeFindResult.Get(String xPathCondition)
   at Atata.StrategyScopeLocator.&lt;&gt;c__DisplayClass3_0.&lt;GetElement&gt;b__0(XPathComponentScopeFindResult x)
   at System.Linq.Enumerable.SelectArrayIterator`2.MoveNext()
   at System.Linq.Enumerable.TryGetFirst[TSource](IEnumerable`1 source, Func`2 predicate, Boolean&amp; found)
   at System.Linq.Enumerable.FirstOrDefault[TSource](IEnumerable`1 source, Func`2 predicate)
   at Atata.StrategyScopeLocator.GetElement(SearchOptions searchOptions, String xPathCondition)
   at Atata.UIComponent`1.OnGetScopeElement(SearchOptions searchOptions)
   at Atata.UIComponent.GetScopeElement(SearchOptions searchOptions)
   at Atata.UIComponent.get_Scope()
   at Atata.ValueSetUsingClearAndSendKeysAttribute.Execute[TOwner](IUIComponent`1 component, String value)
   at Atata.EditableTextField`2.&lt;&gt;c__DisplayClass1_0.&lt;SetValue&gt;b__0()
   at Atata.LogManager.ExecuteSection(LogSection section, Action action)
   at Atata.EditableTextField`2.SetValue(T value)
   at Atata.EditableField`2.&lt;&gt;c__DisplayClass12_0.&lt;Set&gt;b__0()
   at Atata.LogManager.ExecuteSection(LogSection section, Action action)
   at Atata.EditableField`2.Set(T value)
   at IFlow.Testing.StepDefinitions.RegistrationAndLoginSteps.WhenUserInputCredentialsOnLoginPage() in C:\Users\lezi\source\repos\IFLOW.testing\Iflow.Testing\StepDefinitions\RegistrationAndLoginSteps.cs:line 59
   at TechTalk.SpecFlow.Bindings.BindingInvoker.InvokeBinding(IBinding binding, IContextManager contextManager, Object[] arguments, ITestTracer testTracer, TimeSpan&amp; duration)
   at TechTalk.SpecFlow.Infrastructure.TestExecutionEngine.ExecuteStepMatch(BindingMatch match, Object[] arguments, TimeSpan&amp; duration)
   at TechTalk.SpecFlow.Infrastructure.TestExecutionEngine.ExecuteStep(IContextManager contextManager, StepInstance stepInstance)
   at TechTalk.SpecFlow.Infrastructure.TestExecutionEngine.OnAfterLastStep()
   at TechTalk.SpecFlow.TestRunner.CollectScenarioErrors()
   at IFlow.Testing.Feature.LoginTestsFeature.ScenarioCleanup()
   at IFlow.Testing.Feature.LoginTestsFeature.UserWantsToLogInWitchActiveAccount() in C:\Users\lezi\source\repos\IFLOW.testing\Iflow.Testing\Feature\LoginTests.feature:line 12</stack-trace>
              </failure>
            </test-case>
          </test-suite>
          <test-suite type="TestFixture" name="MailhogFeature" fullname="IFlow.Testing.Feature.MailhogFeature" total="1" passed="1" failed="0" inconclusive="0" skipped="0" result="Passed" start-time="2021-05-13T 10:47:29Z" end-time="2021-05-13T 10:47:32Z" duration="2.767793">
            <test-case name="MailhogTest" fullname="IFlow.Testing.Feature.MailhogFeature.MailhogTest" methodname="MailhogTest" classname="MailhogFeature" result="Passed" start-time="2021-05-13T 10:47:29Z" end-time="2021-05-13T 10:47:32Z" duration="2.767793" asserts="0">
              <output><![CDATA[2021-05-13 12:47:29.7379  INFO Starting test: MailhogTest
2021-05-13 12:47:29.7379  INFO Starting test: MailhogTest
2021-05-13 12:47:29.7386 TRACE > Set up AtataContext
2021-05-13 12:47:29.7386 TRACE > Set up AtataContext
2021-05-13 12:47:29.7394 TRACE - Use: "Atata.json" config
2021-05-13 12:47:29.7394 TRACE - Use: "Atata.json" config
2021-05-13 12:47:29.7400 TRACE - Set: ElementFindTimeout=5s; ElementFindRetryInterval=0.5s
2021-05-13 12:47:29.7400 TRACE - Set: ElementFindTimeout=5s; ElementFindRetryInterval=0.5s
2021-05-13 12:47:29.7403 TRACE - Set: WaitingTimeout=5s; WaitingRetryInterval=0.5s
2021-05-13 12:47:29.7403 TRACE - Set: WaitingTimeout=5s; WaitingRetryInterval=0.5s
2021-05-13 12:47:29.7406 TRACE - Set: VerificationTimeout=5s; VerificationRetryInterval=0.5s
2021-05-13 12:47:29.7406 TRACE - Set: VerificationTimeout=5s; VerificationRetryInterval=0.5s
2021-05-13 12:47:29.7409 TRACE - Set: Culture=en-US
2021-05-13 12:47:29.7409 TRACE - Set: Culture=en-US
2021-05-13 12:47:29.7418 TRACE - Set: DriverService=ChromeDriverService on port 55771
2021-05-13 12:47:29.7418 TRACE - Set: DriverService=ChromeDriverService on port 55771
2021-05-13 12:47:30.9327 TRACE - Set: Driver=ChromeDriver (alias=chrome-headless)
2021-05-13 12:47:30.9327 TRACE - Set: Driver=ChromeDriver (alias=chrome-headless)
2021-05-13 12:47:30.9786 TRACE < Set up AtataContext (1.239s)
2021-05-13 12:47:30.9786 TRACE < Set up AtataContext (1.239s)
When Registration by api
-> done: ApiSteps.WhenRegistrationByApi() (0,2s)
When Get email
-> done: ApiSteps.WhenGetEmail() (0,9s)
2021-05-13 12:47:32.4506  INFO > Clean up AtataContext
2021-05-13 12:47:32.4506  INFO > Clean up AtataContext
2021-05-13 12:47:32.5021  INFO < Clean up AtataContext (0.051s)
2021-05-13 12:47:32.5021  INFO < Clean up AtataContext (0.051s)
2021-05-13 12:47:32.5025  INFO Finished test (2.764s)
2021-05-13 12:47:32.5025  INFO Finished test (2.764s)
2021-05-13 12:47:32.5027  INFO Pure test execution time: 1.471s
2021-05-13 12:47:32.5027  INFO Pure test execution time: 1.471s

]]></output>
            </test-case>
          </test-suite>
          <test-suite type="TestFixture" name="OrganizationFeature" fullname="IFlow.Testing.Feature.OrganizationFeature" total="1" passed="1" failed="0" inconclusive="0" skipped="0" result="Passed" start-time="2021-05-13T 10:47:32Z" end-time="2021-05-13T 10:47:34Z" duration="2.259753">
            <test-case name="UserWantsToCreateANewOrganization" fullname="IFlow.Testing.Feature.OrganizationFeature.UserWantsToCreateANewOrganization" methodname="UserWantsToCreateANewOrganization" classname="OrganizationFeature" result="Passed" start-time="2021-05-13T 10:47:32Z" end-time="2021-05-13T 10:47:34Z" duration="2.259753" asserts="0">
              <properties>
                <property name="Category" value="TEST_IB-208" />
              </properties>
              <output><![CDATA[2021-05-13 12:47:32.5133  INFO Starting test: UserWantsToCreateANewOrganization
2021-05-13 12:47:32.5133  INFO Starting test: UserWantsToCreateANewOrganization
2021-05-13 12:47:32.5151 TRACE > Set up AtataContext
2021-05-13 12:47:32.5151 TRACE > Set up AtataContext
2021-05-13 12:47:32.5161 TRACE - Use: "Atata.json" config
2021-05-13 12:47:32.5161 TRACE - Use: "Atata.json" config
2021-05-13 12:47:32.5165 TRACE - Set: ElementFindTimeout=5s; ElementFindRetryInterval=0.5s
2021-05-13 12:47:32.5165 TRACE - Set: ElementFindTimeout=5s; ElementFindRetryInterval=0.5s
2021-05-13 12:47:32.5168 TRACE - Set: WaitingTimeout=5s; WaitingRetryInterval=0.5s
2021-05-13 12:47:32.5168 TRACE - Set: WaitingTimeout=5s; WaitingRetryInterval=0.5s
2021-05-13 12:47:32.5170 TRACE - Set: VerificationTimeout=5s; VerificationRetryInterval=0.5s
2021-05-13 12:47:32.5170 TRACE - Set: VerificationTimeout=5s; VerificationRetryInterval=0.5s
2021-05-13 12:47:32.5172 TRACE - Set: Culture=en-US
2021-05-13 12:47:32.5172 TRACE - Set: Culture=en-US
2021-05-13 12:47:32.5178 TRACE - Set: DriverService=ChromeDriverService on port 55785
2021-05-13 12:47:32.5178 TRACE - Set: DriverService=ChromeDriverService on port 55785
2021-05-13 12:47:33.5888 TRACE - Set: Driver=ChromeDriver (alias=chrome-headless)
2021-05-13 12:47:33.5888 TRACE - Set: Driver=ChromeDriver (alias=chrome-headless)
2021-05-13 12:47:33.5892 TRACE < Set up AtataContext (1.073s)
2021-05-13 12:47:33.5892 TRACE < Set up AtataContext (1.073s)
Given Create and login user by Api
-> done: ApiSteps.GivenCreateAndLoginUserByApi() (0,5s)
When User creates a new organization
-> done: ApiSteps.WhenUserCreatesANewOrganization() (0,1s)
Then new organization is created in database
-> done: ApiSteps.ThenNewOrganizationIsCreatedInDatabase() (0,1s)
2021-05-13 12:47:34.7057  INFO > Clean up AtataContext
2021-05-13 12:47:34.7057  INFO > Clean up AtataContext
2021-05-13 12:47:34.7691  INFO < Clean up AtataContext (0.063s)
2021-05-13 12:47:34.7691  INFO < Clean up AtataContext (0.063s)
2021-05-13 12:47:34.7695  INFO Finished test (2.256s)
2021-05-13 12:47:34.7695  INFO Finished test (2.256s)
2021-05-13 12:47:34.7697  INFO Pure test execution time: 1.116s
2021-05-13 12:47:34.7697  INFO Pure test execution time: 1.116s

]]></output>
            </test-case>
          </test-suite>
          <test-suite type="TestFixture" name="ProjectsFeature" fullname="IFlow.Testing.Feature.ProjectsFeature" total="1" passed="1" failed="0" inconclusive="0" skipped="0" result="Passed" start-time="2021-05-13T 10:47:34Z" end-time="2021-05-13T 10:47:37Z" duration="3.05924">
            <test-case name="UserWantsToCreateANewProject" fullname="IFlow.Testing.Feature.ProjectsFeature.UserWantsToCreateANewProject" methodname="UserWantsToCreateANewProject" classname="ProjectsFeature" result="Passed" start-time="2021-05-13T 10:47:34Z" end-time="2021-05-13T 10:47:37Z" duration="3.05924" asserts="0">
              <properties>
                <property name="Category" value="TEST_IB-202" />
              </properties>
              <output><![CDATA[2021-05-13 12:47:34.7854  INFO Starting test: UserWantsToCreateANewProject
2021-05-13 12:47:34.7854  INFO Starting test: UserWantsToCreateANewProject
2021-05-13 12:47:34.7860 TRACE > Set up AtataContext
2021-05-13 12:47:34.7860 TRACE > Set up AtataContext
2021-05-13 12:47:34.7867 TRACE - Use: "Atata.json" config
2021-05-13 12:47:34.7867 TRACE - Use: "Atata.json" config
2021-05-13 12:47:34.7872 TRACE - Set: ElementFindTimeout=5s; ElementFindRetryInterval=0.5s
2021-05-13 12:47:34.7872 TRACE - Set: ElementFindTimeout=5s; ElementFindRetryInterval=0.5s
2021-05-13 12:47:34.7875 TRACE - Set: WaitingTimeout=5s; WaitingRetryInterval=0.5s
2021-05-13 12:47:34.7875 TRACE - Set: WaitingTimeout=5s; WaitingRetryInterval=0.5s
2021-05-13 12:47:34.7877 TRACE - Set: VerificationTimeout=5s; VerificationRetryInterval=0.5s
2021-05-13 12:47:34.7877 TRACE - Set: VerificationTimeout=5s; VerificationRetryInterval=0.5s
2021-05-13 12:47:34.7880 TRACE - Set: Culture=en-US
2021-05-13 12:47:34.7880 TRACE - Set: Culture=en-US
2021-05-13 12:47:34.7888 TRACE - Set: DriverService=ChromeDriverService on port 55799
2021-05-13 12:47:34.7888 TRACE - Set: DriverService=ChromeDriverService on port 55799
2021-05-13 12:47:35.8651 TRACE - Set: Driver=ChromeDriver (alias=chrome-headless)
2021-05-13 12:47:35.8651 TRACE - Set: Driver=ChromeDriver (alias=chrome-headless)
2021-05-13 12:47:35.8656 TRACE < Set up AtataContext (1.079s)
2021-05-13 12:47:35.8656 TRACE < Set up AtataContext (1.079s)
Given Create and login user by Api
-> done: ApiSteps.GivenCreateAndLoginUserByApi() (0,4s)
And user have contract type, project stage, organization, investment and business unit created
-> done: ApiSteps.GivenUserHaveContractTypeProjectStageOrganizationInvestmentAndBusinessUnitCreated() (0,5s)
When User creates a new project
-> done: ApiSteps.WhenUserCreatesANewProject() (0,2s)
Then new project is created in database
-> done: ApiSteps.ThenNewProjectIsCreatedInDatabase() (0,0s)
2021-05-13 12:47:37.7670  INFO > Clean up AtataContext
2021-05-13 12:47:37.7670  INFO > Clean up AtataContext
2021-05-13 12:47:37.8400  INFO < Clean up AtataContext (0.072s)
2021-05-13 12:47:37.8400  INFO < Clean up AtataContext (0.072s)
2021-05-13 12:47:37.8407  INFO Finished test (3.055s)
2021-05-13 12:47:37.8407  INFO Finished test (3.055s)
2021-05-13 12:47:37.8409  INFO Pure test execution time: 1.900s
2021-05-13 12:47:37.8409  INFO Pure test execution time: 1.900s

]]></output>
            </test-case>
          </test-suite>
          <test-suite type="TestFixture" name="RegistrationFeature" fullname="IFlow.Testing.Feature.RegistrationFeature" total="2" passed="0" failed="2" inconclusive="0" skipped="0" result="Failed" start-time="2021-05-13T 10:47:37Z" end-time="2021-05-13T 10:47:56Z" duration="18.599756">
            <test-case name="CorrectRegistrationProcess" fullname="IFlow.Testing.Feature.RegistrationFeature.CorrectRegistrationProcess" methodname="CorrectRegistrationProcess" classname="RegistrationFeature" result="Failed" start-time="2021-05-13T 10:47:37Z" end-time="2021-05-13T 10:47:46Z" duration="9.015531" asserts="0">
              <properties>
                <property name="Category" value="TEST_IB-142" />
                <property name="Category" value="backEnd" />
                <property name="Category" value="frontEnd" />
              </properties>
              <output><![CDATA[2021-05-13 12:47:37.8585  INFO Starting test: CorrectRegistrationProcess
2021-05-13 12:47:37.8585  INFO Starting test: CorrectRegistrationProcess
2021-05-13 12:47:37.8590 TRACE > Set up AtataContext
2021-05-13 12:47:37.8590 TRACE > Set up AtataContext
2021-05-13 12:47:37.8602 TRACE - Use: "Atata.json" config
2021-05-13 12:47:37.8602 TRACE - Use: "Atata.json" config
2021-05-13 12:47:37.8611 TRACE - Set: ElementFindTimeout=5s; ElementFindRetryInterval=0.5s
2021-05-13 12:47:37.8611 TRACE - Set: ElementFindTimeout=5s; ElementFindRetryInterval=0.5s
2021-05-13 12:47:37.8615 TRACE - Set: WaitingTimeout=5s; WaitingRetryInterval=0.5s
2021-05-13 12:47:37.8615 TRACE - Set: WaitingTimeout=5s; WaitingRetryInterval=0.5s
2021-05-13 12:47:37.8618 TRACE - Set: VerificationTimeout=5s; VerificationRetryInterval=0.5s
2021-05-13 12:47:37.8618 TRACE - Set: VerificationTimeout=5s; VerificationRetryInterval=0.5s
2021-05-13 12:47:37.8621 TRACE - Set: Culture=en-US
2021-05-13 12:47:37.8621 TRACE - Set: Culture=en-US
2021-05-13 12:47:37.8635 TRACE - Set: DriverService=ChromeDriverService on port 55814
2021-05-13 12:47:37.8635 TRACE - Set: DriverService=ChromeDriverService on port 55814
2021-05-13 12:47:39.0743 TRACE - Set: Driver=ChromeDriver (alias=chrome-headless)
2021-05-13 12:47:39.0743 TRACE - Set: Driver=ChromeDriver (alias=chrome-headless)
2021-05-13 12:47:39.0748 TRACE < Set up AtataContext (1.215s)
2021-05-13 12:47:39.0748 TRACE < Set up AtataContext (1.215s)
When User input all data on registration page
2021-05-13 12:47:39.0827  INFO Go to "Main" page
2021-05-13 12:47:39.0827  INFO Go to "Main" page
2021-05-13 12:47:39.0864  INFO Go to URL "http://app-iflow-dev-001.azurewebsites.net/"
2021-05-13 12:47:39.0864  INFO Go to URL "http://app-iflow-dev-001.azurewebsites.net/"
2021-05-13 12:47:39.9314 TRACE > Execute trigger VerifyTitleAttribute { Values="React app", Case=Title, Match=Equals } on Init against "Main" page
2021-05-13 12:47:39.9314 TRACE > Execute trigger VerifyTitleAttribute { Values="React app", Case=Title, Match=Equals } on Init against "Main" page
2021-05-13 12:47:39.9320  INFO - > Assert: title should equal "React app"
2021-05-13 12:47:39.9320  INFO - > Assert: title should equal "React app"
2021-05-13 12:47:39.9374  INFO - < Assert: title should equal "React app" (0.005s)
2021-05-13 12:47:39.9374  INFO - < Assert: title should equal "React app" (0.005s)
2021-05-13 12:47:39.9378 TRACE < Execute trigger VerifyTitleAttribute { Values="React app", Case=Title, Match=Equals } on Init against "Main" page (0.006s)
2021-05-13 12:47:39.9378 TRACE < Execute trigger VerifyTitleAttribute { Values="React app", Case=Title, Match=Equals } on Init against "Main" page (0.006s)
2021-05-13 12:47:39.9387  INFO > Click "Login to System Clickable" control
2021-05-13 12:47:39.9387  INFO > Click "Login to System Clickable" control
2021-05-13 12:47:39.9409 TRACE - > Execute behavior ClickUsingClickMethodAttribute against "Login to System Clickable" control
2021-05-13 12:47:39.9409 TRACE - > Execute behavior ClickUsingClickMethodAttribute against "Login to System Clickable" control
2021-05-13 12:47:39.9422 TRACE - - > Find visible element by XPath "(//span[contains(text(),'Login to system')])/descendant-or-self::*" in ChromeDriver
2021-05-13 12:47:39.9422 TRACE - - > Find visible element by XPath "(//span[contains(text(),'Login to system')])/descendant-or-self::*" in ChromeDriver
2021-05-13 12:47:39.9739 TRACE - - < Find visible element by XPath "(//span[contains(text(),'Login to system')])/descendant-or-self::*" in ChromeDriver (0.031s) >> Element { Id=97f5465f-30ea-4aeb-a8e9-9dc31b4ae546 }
2021-05-13 12:47:39.9739 TRACE - - < Find visible element by XPath "(//span[contains(text(),'Login to system')])/descendant-or-self::*" in ChromeDriver (0.031s) >> Element { Id=97f5465f-30ea-4aeb-a8e9-9dc31b4ae546 }
2021-05-13 12:47:39.9745 TRACE - - > Click element { Id=97f5465f-30ea-4aeb-a8e9-9dc31b4ae546 }
2021-05-13 12:47:39.9745 TRACE - - > Click element { Id=97f5465f-30ea-4aeb-a8e9-9dc31b4ae546 }
2021-05-13 12:47:40.0548 TRACE - - < Click element { Id=97f5465f-30ea-4aeb-a8e9-9dc31b4ae546 } (0.080s)
2021-05-13 12:47:40.0548 TRACE - - < Click element { Id=97f5465f-30ea-4aeb-a8e9-9dc31b4ae546 } (0.080s)
2021-05-13 12:47:40.0554 TRACE - < Execute behavior ClickUsingClickMethodAttribute against "Login to System Clickable" control (0.114s)
2021-05-13 12:47:40.0554 TRACE - < Execute behavior ClickUsingClickMethodAttribute against "Login to System Clickable" control (0.114s)
2021-05-13 12:47:40.0556  INFO < Click "Login to System Clickable" control (0.116s)
2021-05-13 12:47:40.0556  INFO < Click "Login to System Clickable" control (0.116s)
2021-05-13 12:47:40.0626  INFO Go to "Login" page
2021-05-13 12:47:40.0626  INFO Go to "Login" page
2021-05-13 12:47:40.0661 TRACE > Execute trigger VerifyTitleAttribute { Values="React app", Case=Title, Match=Equals } on Init against "Login" page
2021-05-13 12:47:40.0661 TRACE > Execute trigger VerifyTitleAttribute { Values="React app", Case=Title, Match=Equals } on Init against "Login" page
2021-05-13 12:47:40.0665  INFO - > Assert: title should equal "React app"
2021-05-13 12:47:40.0665  INFO - > Assert: title should equal "React app"
2021-05-13 12:47:40.0716  INFO - < Assert: title should equal "React app" (0.005s)
2021-05-13 12:47:40.0716  INFO - < Assert: title should equal "React app" (0.005s)
2021-05-13 12:47:40.0722 TRACE < Execute trigger VerifyTitleAttribute { Values="React app", Case=Title, Match=Equals } on Init against "Login" page (0.006s)
2021-05-13 12:47:40.0722 TRACE < Execute trigger VerifyTitleAttribute { Values="React app", Case=Title, Match=Equals } on Init against "Login" page (0.006s)
2021-05-13 12:47:40.0726  INFO > Click "Create Account" button
2021-05-13 12:47:40.0726  INFO > Click "Create Account" button
2021-05-13 12:47:40.0729 TRACE - > Execute behavior ClickUsingClickMethodAttribute against "Create Account" button
2021-05-13 12:47:40.0729 TRACE - > Execute behavior ClickUsingClickMethodAttribute against "Create Account" button
2021-05-13 12:47:40.0739 TRACE - - > Find visible element by XPath "(//a[@href='/register']/button[@type='submit'])/descendant-or-self::*[self::input[@type='button' or @type='submit' or @type='reset'] or self::button]" in ChromeDriver
2021-05-13 12:47:40.0739 TRACE - - > Find visible element by XPath "(//a[@href='/register']/button[@type='submit'])/descendant-or-self::*[self::input[@type='button' or @type='submit' or @type='reset'] or self::button]" in ChromeDriver
2021-05-13 12:47:40.1040 TRACE - - < Find visible element by XPath "(//a[@href='/register']/button[@type='submit'])/descendant-or-self::*[self::input[@type='button' or @type='submit' or @type='reset'] or self::button]" in ChromeDriver (0.030s) >> Element { Id=c6233e77-67a3-477b-9b0b-7a13e826567b }
2021-05-13 12:47:40.1040 TRACE - - < Find visible element by XPath "(//a[@href='/register']/button[@type='submit'])/descendant-or-self::*[self::input[@type='button' or @type='submit' or @type='reset'] or self::button]" in ChromeDriver (0.030s) >> Element { Id=c6233e77-67a3-477b-9b0b-7a13e826567b }
2021-05-13 12:47:40.1045 TRACE - - > Click element { Id=c6233e77-67a3-477b-9b0b-7a13e826567b }
2021-05-13 12:47:40.1045 TRACE - - > Click element { Id=c6233e77-67a3-477b-9b0b-7a13e826567b }
2021-05-13 12:47:40.2032 TRACE - - < Click element { Id=c6233e77-67a3-477b-9b0b-7a13e826567b } (0.098s)
2021-05-13 12:47:40.2032 TRACE - - < Click element { Id=c6233e77-67a3-477b-9b0b-7a13e826567b } (0.098s)
2021-05-13 12:47:40.2037 TRACE - < Execute behavior ClickUsingClickMethodAttribute against "Create Account" button (0.130s)
2021-05-13 12:47:40.2037 TRACE - < Execute behavior ClickUsingClickMethodAttribute against "Create Account" button (0.130s)
2021-05-13 12:47:40.2039  INFO < Click "Create Account" button (0.131s)
2021-05-13 12:47:40.2039  INFO < Click "Create Account" button (0.131s)
2021-05-13 12:47:40.2090  INFO Go to "Register" page
2021-05-13 12:47:40.2090  INFO Go to "Register" page
2021-05-13 12:47:40.2242 TRACE > Execute trigger VerifyTitleAttribute { Values="React app", Case=Title, Match=Equals } on Init against "Register" page
2021-05-13 12:47:40.2242 TRACE > Execute trigger VerifyTitleAttribute { Values="React app", Case=Title, Match=Equals } on Init against "Register" page
2021-05-13 12:47:40.2250  INFO - > Assert: title should equal "React app"
2021-05-13 12:47:40.2250  INFO - > Assert: title should equal "React app"
2021-05-13 12:47:40.2337  INFO - < Assert: title should equal "React app" (0.008s)
2021-05-13 12:47:40.2337  INFO - < Assert: title should equal "React app" (0.008s)
2021-05-13 12:47:40.2341 TRACE < Execute trigger VerifyTitleAttribute { Values="React app", Case=Title, Match=Equals } on Init against "Register" page (0.009s)
2021-05-13 12:47:40.2341 TRACE < Execute trigger VerifyTitleAttribute { Values="React app", Case=Title, Match=Equals } on Init against "Register" page (0.009s)
2021-05-13 12:47:40.2348  INFO > Set "Micheal84" to "Login Text Input" text input
2021-05-13 12:47:40.2348  INFO > Set "Micheal84" to "Login Text Input" text input
2021-05-13 12:47:40.2351 TRACE - > Execute behavior ValueSetUsingClearAndSendKeysAttribute against "Login Text Input" text input
2021-05-13 12:47:40.2351 TRACE - > Execute behavior ValueSetUsingClearAndSendKeysAttribute against "Login Text Input" text input
2021-05-13 12:47:40.2357 TRACE - - > Find visible element by XPath "(//label/span[text()='Login *']//..//..//../input [@type='text'])/descendant-or-self::input[@type='text' or not(@type)]" in ChromeDriver
2021-05-13 12:47:40.2357 TRACE - - > Find visible element by XPath "(//label/span[text()='Login *']//..//..//../input [@type='text'])/descendant-or-self::input[@type='text' or not(@type)]" in ChromeDriver
2021-05-13 12:47:40.2616 TRACE - - < Find visible element by XPath "(//label/span[text()='Login *']//..//..//../input [@type='text'])/descendant-or-self::input[@type='text' or not(@type)]" in ChromeDriver (0.025s) >> Element { Id=4bbff2e3-ec46-43c9-ba9f-9af16e792a88 }
2021-05-13 12:47:40.2616 TRACE - - < Find visible element by XPath "(//label/span[text()='Login *']//..//..//../input [@type='text'])/descendant-or-self::input[@type='text' or not(@type)]" in ChromeDriver (0.025s) >> Element { Id=4bbff2e3-ec46-43c9-ba9f-9af16e792a88 }
2021-05-13 12:47:40.2625 TRACE - - > Clear element { Id=4bbff2e3-ec46-43c9-ba9f-9af16e792a88 }
2021-05-13 12:47:40.2625 TRACE - - > Clear element { Id=4bbff2e3-ec46-43c9-ba9f-9af16e792a88 }
2021-05-13 12:47:40.2935 TRACE - - < Clear element { Id=4bbff2e3-ec46-43c9-ba9f-9af16e792a88 } (0.031s)
2021-05-13 12:47:40.2935 TRACE - - < Clear element { Id=4bbff2e3-ec46-43c9-ba9f-9af16e792a88 } (0.031s)
2021-05-13 12:47:40.2944 TRACE - - > Send keys "Micheal84" to element { Id=4bbff2e3-ec46-43c9-ba9f-9af16e792a88 }
2021-05-13 12:47:40.2944 TRACE - - > Send keys "Micheal84" to element { Id=4bbff2e3-ec46-43c9-ba9f-9af16e792a88 }
2021-05-13 12:47:40.4312 TRACE - - < Send keys "Micheal84" to element { Id=4bbff2e3-ec46-43c9-ba9f-9af16e792a88 } (0.136s)
2021-05-13 12:47:40.4312 TRACE - - < Send keys "Micheal84" to element { Id=4bbff2e3-ec46-43c9-ba9f-9af16e792a88 } (0.136s)
2021-05-13 12:47:40.4316 TRACE - < Execute behavior ValueSetUsingClearAndSendKeysAttribute against "Login Text Input" text input (0.196s)
2021-05-13 12:47:40.4316 TRACE - < Execute behavior ValueSetUsingClearAndSendKeysAttribute against "Login Text Input" text input (0.196s)
2021-05-13 12:47:40.4318  INFO < Set "Micheal84" to "Login Text Input" text input (0.197s)
2021-05-13 12:47:40.4318  INFO < Set "Micheal84" to "Login Text Input" text input (0.197s)
2021-05-13 12:47:40.4323  INFO > Set "Alejandro" to "Name Text Input" text input
2021-05-13 12:47:40.4323  INFO > Set "Alejandro" to "Name Text Input" text input
2021-05-13 12:47:40.4325 TRACE - > Execute behavior ValueSetUsingClearAndSendKeysAttribute against "Name Text Input" text input
2021-05-13 12:47:40.4325 TRACE - > Execute behavior ValueSetUsingClearAndSendKeysAttribute against "Name Text Input" text input
2021-05-13 12:47:40.4329 TRACE - - > Find visible element by XPath "(//label/span[text()='Name *']//..//..//../input [@type='text'])/descendant-or-self::input[@type='text' or not(@type)]" in ChromeDriver
2021-05-13 12:47:40.4329 TRACE - - > Find visible element by XPath "(//label/span[text()='Name *']//..//..//../input [@type='text'])/descendant-or-self::input[@type='text' or not(@type)]" in ChromeDriver
2021-05-13 12:47:40.4566 TRACE - - < Find visible element by XPath "(//label/span[text()='Name *']//..//..//../input [@type='text'])/descendant-or-self::input[@type='text' or not(@type)]" in ChromeDriver (0.023s) >> Element { Id=52b77558-dbfe-4af0-9d05-51244e09a9f1 }
2021-05-13 12:47:40.4566 TRACE - - < Find visible element by XPath "(//label/span[text()='Name *']//..//..//../input [@type='text'])/descendant-or-self::input[@type='text' or not(@type)]" in ChromeDriver (0.023s) >> Element { Id=52b77558-dbfe-4af0-9d05-51244e09a9f1 }
2021-05-13 12:47:40.4570 TRACE - - > Clear element { Id=52b77558-dbfe-4af0-9d05-51244e09a9f1 }
2021-05-13 12:47:40.4570 TRACE - - > Clear element { Id=52b77558-dbfe-4af0-9d05-51244e09a9f1 }
2021-05-13 12:47:40.4900 TRACE - - < Clear element { Id=52b77558-dbfe-4af0-9d05-51244e09a9f1 } (0.032s)
2021-05-13 12:47:40.4900 TRACE - - < Clear element { Id=52b77558-dbfe-4af0-9d05-51244e09a9f1 } (0.032s)
2021-05-13 12:47:40.4904 TRACE - - > Send keys "Alejandro" to element { Id=52b77558-dbfe-4af0-9d05-51244e09a9f1 }
2021-05-13 12:47:40.4904 TRACE - - > Send keys "Alejandro" to element { Id=52b77558-dbfe-4af0-9d05-51244e09a9f1 }
2021-05-13 12:47:40.6063 TRACE - - < Send keys "Alejandro" to element { Id=52b77558-dbfe-4af0-9d05-51244e09a9f1 } (0.115s)
2021-05-13 12:47:40.6063 TRACE - - < Send keys "Alejandro" to element { Id=52b77558-dbfe-4af0-9d05-51244e09a9f1 } (0.115s)
2021-05-13 12:47:40.6070 TRACE - < Execute behavior ValueSetUsingClearAndSendKeysAttribute against "Name Text Input" text input (0.174s)
2021-05-13 12:47:40.6070 TRACE - < Execute behavior ValueSetUsingClearAndSendKeysAttribute against "Name Text Input" text input (0.174s)
2021-05-13 12:47:40.6073  INFO < Set "Alejandro" to "Name Text Input" text input (0.175s)
2021-05-13 12:47:40.6073  INFO < Set "Alejandro" to "Name Text Input" text input (0.175s)
[...]
2021-05-13 12:47:51.1236 TRACE - - < Execute behavior ClickUsingClickMethodAttribute against "Country" select's "Antigua and Barbuda" option (0.086s)
2021-05-13 12:47:51.1236 TRACE - - < Execute behavior ClickUsingClickMethodAttribute against "Country" select's "Antigua and Barbuda" option (0.086s)
2021-05-13 12:47:51.1238 TRACE - < Click "Country" select's "Antigua and Barbuda" option (0.087s)
2021-05-13 12:47:51.1238 TRACE - < Click "Country" select's "Antigua and Barbuda" option (0.087s)
2021-05-13 12:47:51.1240  INFO < Set "Antigua and Barbuda" to "Country" select (0.089s)
2021-05-13 12:47:51.1240  INFO < Set "Antigua and Barbuda" to "Country" select (0.089s)
2021-05-13 12:47:51.1241  INFO > Click "First Check Box" control
2021-05-13 12:47:51.1241  INFO > Click "First Check Box" control
2021-05-13 12:47:51.1243 TRACE - > Execute behavior ClickUsingClickMethodAttribute against "First Check Box" control
2021-05-13 12:47:51.1243 TRACE - > Execute behavior ClickUsingClickMethodAttribute against "First Check Box" control
2021-05-13 12:47:51.1247 TRACE - - > Find visible element by XPath "(//body/div[@id='root']/div[2]/div[1]/div[1]/div[2]/form[1]/div[5]/div[1]/div[1]/div[1]/div[1]/div[1])/descendant-or-self::*" in ChromeDriver
2021-05-13 12:47:51.1247 TRACE - - > Find visible element by XPath "(//body/div[@id='root']/div[2]/div[1]/div[1]/div[2]/form[1]/div[5]/div[1]/div[1]/div[1]/div[1]/div[1])/descendant-or-self::*" in ChromeDriver
2021-05-13 12:47:56.1315 TRACE - - < Find visible element by XPath "(//body/div[@id='root']/div[2]/div[1]/div[1]/div[2]/form[1]/div[5]/div[1]/div[1]/div[1]/div[1]/div[1])/descendant-or-self::*" in ChromeDriver (5.006s) >>
OpenQA.Selenium.NoSuchElementException: Unable to locate visible element:
- By: XPath "(//body/div[@id='root']/div[2]/div[1]/div[1]/div[2]/form[1]/div[5]/div[1]/div[1]/div[1]/div[1]/div[1])/descendant-or-self::*"
- Search time: 5.006s
- Search options: {Visibility=Visible, Timeout=5s, RetryInterval=0.5s, IsSafely=False}
2021-05-13 12:47:56.1315 TRACE - - < Find visible element by XPath "(//body/div[@id='root']/div[2]/div[1]/div[1]/div[2]/form[1]/div[5]/div[1]/div[1]/div[1]/div[1]/div[1])/descendant-or-self::*" in ChromeDriver (5.006s) >>
OpenQA.Selenium.NoSuchElementException: Unable to locate visible element:
- By: XPath "(//body/div[@id='root']/div[2]/div[1]/div[1]/div[2]/form[1]/div[5]/div[1]/div[1]/div[1]/div[1]/div[1])/descendant-or-self::*"
- Search time: 5.006s
- Search options: {Visibility=Visible, Timeout=5s, RetryInterval=0.5s, IsSafely=False}
2021-05-13 12:47:56.1322 TRACE - < Execute behavior ClickUsingClickMethodAttribute against "First Check Box" control (5.007s) >>
OpenQA.Selenium.NoSuchElementException: Unable to locate visible element:
- By: XPath "(//body/div[@id='root']/div[2]/div[1]/div[1]/div[2]/form[1]/div[5]/div[1]/div[1]/div[1]/div[1]/div[1])/descendant-or-self::*"
- Search time: 5.006s
- Search options: {Visibility=Visible, Timeout=5s, RetryInterval=0.5s, IsSafely=False}
2021-05-13 12:47:56.1322 TRACE - < Execute behavior ClickUsingClickMethodAttribute against "First Check Box" control (5.007s) >>
OpenQA.Selenium.NoSuchElementException: Unable to locate visible element:
- By: XPath "(//body/div[@id='root']/div[2]/div[1]/div[1]/div[2]/form[1]/div[5]/div[1]/div[1]/div[1]/div[1]/div[1])/descendant-or-self::*"
- Search time: 5.006s
- Search options: {Visibility=Visible, Timeout=5s, RetryInterval=0.5s, IsSafely=False}
2021-05-13 12:47:56.1328  INFO < Click "First Check Box" control (5.008s) >>
OpenQA.Selenium.NoSuchElementException: Unable to locate visible element:
- By: XPath "(//body/div[@id='root']/div[2]/div[1]/div[1]/div[2]/form[1]/div[5]/div[1]/div[1]/div[1]/div[1]/div[1])/descendant-or-self::*"
- Search time: 5.006s
- Search options: {Visibility=Visible, Timeout=5s, RetryInterval=0.5s, IsSafely=False}
2021-05-13 12:47:56.1328  INFO < Click "First Check Box" control (5.008s) >>
OpenQA.Selenium.NoSuchElementException: Unable to locate visible element:
- By: XPath "(//body/div[@id='root']/div[2]/div[1]/div[1]/div[2]/form[1]/div[5]/div[1]/div[1]/div[1]/div[1]/div[1])/descendant-or-self::*"
- Search time: 5.006s
- Search options: {Visibility=Visible, Timeout=5s, RetryInterval=0.5s, IsSafely=False}
-> error: Unable to locate visible element:
- By: XPath "(//body/div[@id='root']/div[2]/div[1]/div[1]/div[2]/form[1]/div[5]/div[1]/div[1]/div[1]/div[1]/div[1])/descendant-or-self::*"
- Search time: 5.006s
- Search options: {Visibility=Visible, Timeout=5s, RetryInterval=0.5s, IsSafely=False} (7,8s)
Then account is not created in database
-> skipped because of previous errors
2021-05-13 12:47:56.3812 ERROR OpenQA.Selenium.NoSuchElementException : Unable to locate visible element:
- By: XPath "(//body/div[@id='root']/div[2]/div[1]/div[1]/div[2]/form[1]/div[5]/div[1]/div[1]/div[1]/div[1]/div[1])/descendant-or-self::*"
- Search time: 5.006s
- Search options: {Visibility=Visible, Timeout=5s, RetryInterval=0.5s, IsSafely=False}
   at Atata.ExtendedSearchContext`1.Find(By by)
   at Atata.ExtendedSearchContext`1.FindElement(By by)
   at Atata.ISearchContextExtensions.Get[T](T searchContext, By by)
   at Atata.ISearchContextLoggingExtensions.<>c__DisplayClass0_0.<GetWithLogging>b__0()
   at Atata.LogManager.ExecuteSection[TResult](LogSection section, Func`1 function)
   at Atata.ISearchContextLoggingExtensions.GetWithLogging(ISearchContext searchContext, By by)
   at Atata.XPathComponentScopeFindResult.Get(String xPathCondition)
   at Atata.StrategyScopeLocator.<>c__DisplayClass3_0.<GetElement>b__0(XPathComponentScopeFindResult x)
   at System.Linq.Enumerable.SelectArrayIterator`2.MoveNext()
   at System.Linq.Enumerable.TryGetFirst[TSource](IEnumerable`1 source, Func`2 predicate, Boolean& found)
   at System.Linq.Enumerable.FirstOrDefault[TSource](IEnumerable`1 source, Func`2 predicate)
   at Atata.StrategyScopeLocator.GetElement(SearchOptions searchOptions, String xPathCondition)
   at Atata.UIComponent`1.OnGetScopeElement(SearchOptions searchOptions)
   at Atata.UIComponent.GetScopeElement(SearchOptions searchOptions)
   at Atata.UIComponent.get_Scope()
   at Atata.ClickUsingClickMethodAttribute.Execute[TOwner](IUIComponent`1 component)
   at Atata.Control`1.<>c__DisplayClass12_0.<OnClick>b__0()
   at Atata.LogManager.ExecuteSection(LogSection section, Action action)
   at Atata.Control`1.OnClick()
   at Atata.LogManager.ExecuteSection(LogSection section, Action action)
   at Atata.Control`1.Click()
   at IFlow.Testing.StepDefinitions.RegistrationAndLoginSteps.WhenUserDontInputAllDataOnRegistrationPageAndConfirm() in C:\Users\lezi\source\repos\IFLOW.testing\Iflow.Testing\StepDefinitions\RegistrationAndLoginSteps.cs:line 135
   at TechTalk.SpecFlow.Bindings.BindingInvoker.InvokeBinding(IBinding binding, IContextManager contextManager, Object[] arguments, ITestTracer testTracer, TimeSpan& duration)
   at TechTalk.SpecFlow.Infrastructure.TestExecutionEngine.ExecuteStepMatch(BindingMatch match, Object[] arguments, TimeSpan& duration)
   at TechTalk.SpecFlow.Infrastructure.TestExecutionEngine.ExecuteStep(IContextManager contextManager, StepInstance stepInstance)
   at TechTalk.SpecFlow.Infrastructure.TestExecutionEngine.OnAfterLastStep()
   at TechTalk.SpecFlow.TestRunner.CollectScenarioErrors()
   at IFlow.Testing.Feature.RegistrationFeature.ScenarioCleanup()
   at IFlow.Testing.Feature.RegistrationFeature.FailedRegistrationProcess() in C:\Users\lezi\source\repos\IFLOW.testing\Iflow.Testing\Feature\Registration.feature:line 18
2021-05-13 12:47:56.3812 ERROR OpenQA.Selenium.NoSuchElementException : Unable to locate visible element:
- By: XPath "(//body/div[@id='root']/div[2]/div[1]/div[1]/div[2]/form[1]/div[5]/div[1]/div[1]/div[1]/div[1]/div[1])/descendant-or-self::*"
- Search time: 5.006s
- Search options: {Visibility=Visible, Timeout=5s, RetryInterval=0.5s, IsSafely=False}
   at Atata.ExtendedSearchContext`1.Find(By by)
   at Atata.ExtendedSearchContext`1.FindElement(By by)
   at Atata.ISearchContextExtensions.Get[T](T searchContext, By by)
   at Atata.ISearchContextLoggingExtensions.<>c__DisplayClass0_0.<GetWithLogging>b__0()
   at Atata.LogManager.ExecuteSection[TResult](LogSection section, Func`1 function)
   at Atata.ISearchContextLoggingExtensions.GetWithLogging(ISearchContext searchContext, By by)
   at Atata.XPathComponentScopeFindResult.Get(String xPathCondition)
   at Atata.StrategyScopeLocator.<>c__DisplayClass3_0.<GetElement>b__0(XPathComponentScopeFindResult x)
   at System.Linq.Enumerable.SelectArrayIterator`2.MoveNext()
   at System.Linq.Enumerable.TryGetFirst[TSource](IEnumerable`1 source, Func`2 predicate, Boolean& found)
   at System.Linq.Enumerable.FirstOrDefault[TSource](IEnumerable`1 source, Func`2 predicate)
   at Atata.StrategyScopeLocator.GetElement(SearchOptions searchOptions, String xPathCondition)
   at Atata.UIComponent`1.OnGetScopeElement(SearchOptions searchOptions)
   at Atata.UIComponent.GetScopeElement(SearchOptions searchOptions)
   at Atata.UIComponent.get_Scope()
   at Atata.ClickUsingClickMethodAttribute.Execute[TOwner](IUIComponent`1 component)
   at Atata.Control`1.<>c__DisplayClass12_0.<OnClick>b__0()
   at Atata.LogManager.ExecuteSection(LogSection section, Action action)
   at Atata.Control`1.OnClick()
   at Atata.LogManager.ExecuteSection(LogSection section, Action action)
   at Atata.Control`1.Click()
   at IFlow.Testing.StepDefinitions.RegistrationAndLoginSteps.WhenUserDontInputAllDataOnRegistrationPageAndConfirm() in C:\Users\lezi\source\repos\IFLOW.testing\Iflow.Testing\StepDefinitions\RegistrationAndLoginSteps.cs:line 135
   at TechTalk.SpecFlow.Bindings.BindingInvoker.InvokeBinding(IBinding binding, IContextManager contextManager, Object[] arguments, ITestTracer testTracer, TimeSpan& duration)
   at TechTalk.SpecFlow.Infrastructure.TestExecutionEngine.ExecuteStepMatch(BindingMatch match, Object[] arguments, TimeSpan& duration)
   at TechTalk.SpecFlow.Infrastructure.TestExecutionEngine.ExecuteStep(IContextManager contextManager, StepInstance stepInstance)
   at TechTalk.SpecFlow.Infrastructure.TestExecutionEngine.OnAfterLastStep()
   at TechTalk.SpecFlow.TestRunner.CollectScenarioErrors()
   at IFlow.Testing.Feature.RegistrationFeature.ScenarioCleanup()
   at IFlow.Testing.Feature.RegistrationFeature.FailedRegistrationProcess() in C:\Users\lezi\source\repos\IFLOW.testing\Iflow.Testing\Feature\Registration.feature:line 18
2021-05-13 12:47:56.3819 ERROR OpenQA.Selenium.NoSuchElementException : Unable to locate visible element:
- By: XPath "(//body/div[@id='root']/div[2]/div[1]/div[1]/div[2]/form[1]/div[5]/div[1]/div[1]/div[1]/div[1]/div[1])/descendant-or-self::*"
- Search time: 5.006s
- Search options: {Visibility=Visible, Timeout=5s, RetryInterval=0.5s, IsSafely=False}
   at Atata.ExtendedSearchContext`1.Find(By by)
   at Atata.ExtendedSearchContext`1.FindElement(By by)
   at Atata.ISearchContextExtensions.Get[T](T searchContext, By by)
   at Atata.ISearchContextLoggingExtensions.<>c__DisplayClass0_0.<GetWithLogging>b__0()
   at Atata.LogManager.ExecuteSection[TResult](LogSection section, Func`1 function)
   at Atata.ISearchContextLoggingExtensions.GetWithLogging(ISearchContext searchContext, By by)
   at Atata.XPathComponentScopeFindResult.Get(String xPathCondition)
   at Atata.StrategyScopeLocator.<>c__DisplayClass3_0.<GetElement>b__0(XPathComponentScopeFindResult x)
   at System.Linq.Enumerable.SelectArrayIterator`2.MoveNext()
   at System.Linq.Enumerable.TryGetFirst[TSource](IEnumerable`1 source, Func`2 predicate, Boolean& found)
   at System.Linq.Enumerable.FirstOrDefault[TSource](IEnumerable`1 source, Func`2 predicate)
   at Atata.StrategyScopeLocator.GetElement(SearchOptions searchOptions, String xPathCondition)
   at Atata.UIComponent`1.OnGetScopeElement(SearchOptions searchOptions)
   at Atata.UIComponent.GetScopeElement(SearchOptions searchOptions)
   at Atata.UIComponent.get_Scope()
   at Atata.ClickUsingClickMethodAttribute.Execute[TOwner](IUIComponent`1 component)
   at Atata.Control`1.<>c__DisplayClass12_0.<OnClick>b__0()
   at Atata.LogManager.ExecuteSection(LogSection section, Action action)
   at Atata.Control`1.OnClick()
   at Atata.LogManager.ExecuteSection(LogSection section, Action action)
   at Atata.Control`1.Click()
   at IFlow.Testing.StepDefinitions.RegistrationAndLoginSteps.WhenUserDontInputAllDataOnRegistrationPageAndConfirm() in C:\Users\lezi\source\repos\IFLOW.testing\Iflow.Testing\StepDefinitions\RegistrationAndLoginSteps.cs:line 135
   at TechTalk.SpecFlow.Bindings.BindingInvoker.InvokeBinding(IBinding binding, IContextManager contextManager, Object[] arguments, ITestTracer testTracer, TimeSpan& duration)
   at TechTalk.SpecFlow.Infrastructure.TestExecutionEngine.ExecuteStepMatch(BindingMatch match, Object[] arguments, TimeSpan& duration)
   at TechTalk.SpecFlow.Infrastructure.TestExecutionEngine.ExecuteStep(IContextManager contextManager, StepInstance stepInstance)
   at TechTalk.SpecFlow.Infrastructure.TestExecutionEngine.OnAfterLastStep()
   at TechTalk.SpecFlow.TestRunner.CollectScenarioErrors()
   at IFlow.Testing.Feature.RegistrationFeature.ScenarioCleanup()
   at IFlow.Testing.Feature.RegistrationFeature.FailedRegistrationProcess() in C:\Users\lezi\source\repos\IFLOW.testing\Iflow.Testing\Feature\Registration.feature:line 18
2021-05-13 12:47:56.3819 ERROR OpenQA.Selenium.NoSuchElementException : Unable to locate visible element:
- By: XPath "(//body/div[@id='root']/div[2]/div[1]/div[1]/div[2]/form[1]/div[5]/div[1]/div[1]/div[1]/div[1]/div[1])/descendant-or-self::*"
- Search time: 5.006s
- Search options: {Visibility=Visible, Timeout=5s, RetryInterval=0.5s, IsSafely=False}
   at Atata.ExtendedSearchContext`1.Find(By by)
   at Atata.ExtendedSearchContext`1.FindElement(By by)
   at Atata.ISearchContextExtensions.Get[T](T searchContext, By by)
   at Atata.ISearchContextLoggingExtensions.<>c__DisplayClass0_0.<GetWithLogging>b__0()
   at Atata.LogManager.ExecuteSection[TResult](LogSection section, Func`1 function)
   at Atata.ISearchContextLoggingExtensions.GetWithLogging(ISearchContext searchContext, By by)
   at Atata.XPathComponentScopeFindResult.Get(String xPathCondition)
   at Atata.StrategyScopeLocator.<>c__DisplayClass3_0.<GetElement>b__0(XPathComponentScopeFindResult x)
   at System.Linq.Enumerable.SelectArrayIterator`2.MoveNext()
   at System.Linq.Enumerable.TryGetFirst[TSource](IEnumerable`1 source, Func`2 predicate, Boolean& found)
   at System.Linq.Enumerable.FirstOrDefault[TSource](IEnumerable`1 source, Func`2 predicate)
   at Atata.StrategyScopeLocator.GetElement(SearchOptions searchOptions, String xPathCondition)
   at Atata.UIComponent`1.OnGetScopeElement(SearchOptions searchOptions)
   at Atata.UIComponent.GetScopeElement(SearchOptions searchOptions)
   at Atata.UIComponent.get_Scope()
   at Atata.ClickUsingClickMethodAttribute.Execute[TOwner](IUIComponent`1 component)
   at Atata.Control`1.<>c__DisplayClass12_0.<OnClick>b__0()
   at Atata.LogManager.ExecuteSection(LogSection section, Action action)
   at Atata.Control`1.OnClick()
   at Atata.LogManager.ExecuteSection(LogSection section, Action action)
   at Atata.Control`1.Click()
   at IFlow.Testing.StepDefinitions.RegistrationAndLoginSteps.WhenUserDontInputAllDataOnRegistrationPageAndConfirm() in C:\Users\lezi\source\repos\IFLOW.testing\Iflow.Testing\StepDefinitions\RegistrationAndLoginSteps.cs:line 135
   at TechTalk.SpecFlow.Bindings.BindingInvoker.InvokeBinding(IBinding binding, IContextManager contextManager, Object[] arguments, ITestTracer testTracer, TimeSpan& duration)
   at TechTalk.SpecFlow.Infrastructure.TestExecutionEngine.ExecuteStepMatch(BindingMatch match, Object[] arguments, TimeSpan& duration)
   at TechTalk.SpecFlow.Infrastructure.TestExecutionEngine.ExecuteStep(IContextManager contextManager, StepInstance stepInstance)
   at TechTalk.SpecFlow.Infrastructure.TestExecutionEngine.OnAfterLastStep()
   at TechTalk.SpecFlow.TestRunner.CollectScenarioErrors()
   at IFlow.Testing.Feature.RegistrationFeature.ScenarioCleanup()
   at IFlow.Testing.Feature.RegistrationFeature.FailedRegistrationProcess() in C:\Users\lezi\source\repos\IFLOW.testing\Iflow.Testing\Feature\Registration.feature:line 18
2021-05-13 12:47:56.3822  INFO > Clean up AtataContext
2021-05-13 12:47:56.3822  INFO > Clean up AtataContext
2021-05-13 12:47:56.4542  INFO < Clean up AtataContext (0.072s)
2021-05-13 12:47:56.4542  INFO < Clean up AtataContext (0.072s)
2021-05-13 12:47:56.4546  INFO Finished test (9.581s)
2021-05-13 12:47:56.4546  INFO Finished test (9.581s)
2021-05-13 12:47:56.4549  INFO Pure test execution time: 8.089s
2021-05-13 12:47:56.4549  INFO Pure test execution time: 8.089s

]]></output>
              <failure>
                <message>OpenQA.Selenium.NoSuchElementException : Unable to locate visible element:
- By: XPath "(//body/div[@id='root']/div[2]/div[1]/div[1]/div[2]/form[1]/div[5]/div[1]/div[1]/div[1]/div[1]/div[1])/descendant-or-self::*"
- Search time: 5.006s
- Search options: {Visibility=Visible, Timeout=5s, RetryInterval=0.5s, IsSafely=False}</message>
                <stack-trace>   at Atata.ExtendedSearchContext`1.Find(By by)
   at Atata.ExtendedSearchContext`1.FindElement(By by)
   at Atata.ISearchContextExtensions.Get[T](T searchContext, By by)
   at Atata.ISearchContextLoggingExtensions.&lt;&gt;c__DisplayClass0_0.&lt;GetWithLogging&gt;b__0()
   at Atata.LogManager.ExecuteSection[TResult](LogSection section, Func`1 function)
   at Atata.ISearchContextLoggingExtensions.GetWithLogging(ISearchContext searchContext, By by)
   at Atata.XPathComponentScopeFindResult.Get(String xPathCondition)
   at Atata.StrategyScopeLocator.&lt;&gt;c__DisplayClass3_0.&lt;GetElement&gt;b__0(XPathComponentScopeFindResult x)
   at System.Linq.Enumerable.SelectArrayIterator`2.MoveNext()
   at System.Linq.Enumerable.TryGetFirst[TSource](IEnumerable`1 source, Func`2 predicate, Boolean&amp; found)
   at System.Linq.Enumerable.FirstOrDefault[TSource](IEnumerable`1 source, Func`2 predicate)
   at Atata.StrategyScopeLocator.GetElement(SearchOptions searchOptions, String xPathCondition)
   at Atata.UIComponent`1.OnGetScopeElement(SearchOptions searchOptions)
   at Atata.UIComponent.GetScopeElement(SearchOptions searchOptions)
   at Atata.UIComponent.get_Scope()
   at Atata.ClickUsingClickMethodAttribute.Execute[TOwner](IUIComponent`1 component)
   at Atata.Control`1.&lt;&gt;c__DisplayClass12_0.&lt;OnClick&gt;b__0()
   at Atata.LogManager.ExecuteSection(LogSection section, Action action)
   at Atata.Control`1.OnClick()
   at Atata.LogManager.ExecuteSection(LogSection section, Action action)
   at Atata.Control`1.Click()
   at IFlow.Testing.StepDefinitions.RegistrationAndLoginSteps.WhenUserDontInputAllDataOnRegistrationPageAndConfirm() in C:\Users\lezi\source\repos\IFLOW.testing\Iflow.Testing\StepDefinitions\RegistrationAndLoginSteps.cs:line 135
   at TechTalk.SpecFlow.Bindings.BindingInvoker.InvokeBinding(IBinding binding, IContextManager contextManager, Object[] arguments, ITestTracer testTracer, TimeSpan&amp; duration)
   at TechTalk.SpecFlow.Infrastructure.TestExecutionEngine.ExecuteStepMatch(BindingMatch match, Object[] arguments, TimeSpan&amp; duration)
   at TechTalk.SpecFlow.Infrastructure.TestExecutionEngine.ExecuteStep(IContextManager contextManager, StepInstance stepInstance)
   at TechTalk.SpecFlow.Infrastructure.TestExecutionEngine.OnAfterLastStep()
   at TechTalk.SpecFlow.TestRunner.CollectScenarioErrors()
   at IFlow.Testing.Feature.RegistrationFeature.ScenarioCleanup()
   at IFlow.Testing.Feature.RegistrationFeature.FailedRegistrationProcess() in C:\Users\lezi\source\repos\IFLOW.testing\Iflow.Testing\Feature\Registration.feature:line 18</stack-trace>
              </failure>
            </test-case>
          </test-suite>
        </test-suite>
      </test-suite>
    </test-suite>
    <errors />
  </test-suite>
</test-run>